Analysis & Synthesis report for ULA-origins
Tue Dec 16 02:31:30 2014
Quartus II 64-Bit Version 13.0.1 Build 232 06/12/2013 Service Pack 1 SJ Full Version


---------------------
; Table of Contents ;
---------------------
  1. Legal Notice
  2. Analysis & Synthesis Summary
  3. Analysis & Synthesis Settings
  4. Parallel Compilation
  5. Analysis & Synthesis Source Files Read
  6. Analysis & Synthesis Resource Usage Summary
  7. Analysis & Synthesis Resource Utilization by Entity
  8. State Machine - |test_machine|state
  9. User-Specified and Inferred Latches
 10. Registers Removed During Synthesis
 11. General Register Statistics
 12. Parameter Settings for User Entity Instance: Top-level Entity: |test_machine
 13. Port Connectivity Checks: "ula_of_infinity:ula_of_destiny|ula_overflow:ula7"
 14. Port Connectivity Checks: "ula_of_infinity:ula_of_destiny|ula_1b:ula6"
 15. Port Connectivity Checks: "ula_of_infinity:ula_of_destiny|ula_1b:ula5"
 16. Port Connectivity Checks: "ula_of_infinity:ula_of_destiny|ula_1b:ula4"
 17. Port Connectivity Checks: "ula_of_infinity:ula_of_destiny|ula_1b:ula3"
 18. Port Connectivity Checks: "ula_of_infinity:ula_of_destiny|ula_1b:ula2"
 19. Port Connectivity Checks: "ula_of_infinity:ula_of_destiny|ula_1b:ula1"
 20. Port Connectivity Checks: "ula_of_infinity:ula_of_destiny"
 21. Elapsed Time Per Partition
 22. Analysis & Synthesis Messages



----------------
; Legal Notice ;
----------------
Copyright (C) 1991-2013 Altera Corporation
Your use of Altera Corporation's design tools, logic functions 
and other software and tools, and its AMPP partner logic 
functions, and any output files from any of the foregoing 
(including device programming or simulation files), and any 
associated documentation or information are expressly subject 
to the terms and conditions of the Altera Program License 
Subscription Agreement, Altera MegaCore Function License 
Agreement, or other applicable license agreement, including, 
without limitation, that your use is for the sole purpose of 
programming logic devices manufactured by Altera and sold by 
Altera or its authorized distributors.  Please refer to the 
applicable agreement for further details.



+---------------------------------------------------------------------------------------+
; Analysis & Synthesis Summary                                                          ;
+------------------------------------+--------------------------------------------------+
; Analysis & Synthesis Status        ; Successful - Tue Dec 16 02:31:30 2014            ;
; Quartus II 64-Bit Version          ; 13.0.1 Build 232 06/12/2013 SP 1 SJ Full Version ;
; Revision Name                      ; ULA-origins                                      ;
; Top-level Entity Name              ; test_machine                                     ;
; Family                             ; Cyclone II                                       ;
; Total logic elements               ; 75                                               ;
;     Total combinational functions  ; 73                                               ;
;     Dedicated logic registers      ; 4                                                ;
; Total registers                    ; 4                                                ;
; Total pins                         ; 18                                               ;
; Total virtual pins                 ; 0                                                ;
; Total memory bits                  ; 0                                                ;
; Embedded Multiplier 9-bit elements ; 0                                                ;
; Total PLLs                         ; 0                                                ;
+------------------------------------+--------------------------------------------------+


+----------------------------------------------------------------------------------------------------------------------+
; Analysis & Synthesis Settings                                                                                        ;
+----------------------------------------------------------------------------+--------------------+--------------------+
; Option                                                                     ; Setting            ; Default Value      ;
+----------------------------------------------------------------------------+--------------------+--------------------+
; Device                                                                     ; EP2C35F672C6       ;                    ;
; Top-level entity name                                                      ; test_machine       ; ULA-origins        ;
; Family name                                                                ; Cyclone II         ; Cyclone IV GX      ;
; Use smart compilation                                                      ; Off                ; Off                ;
; Enable parallel Assembler and TimeQuest Timing Analyzer during compilation ; On                 ; On                 ;
; Enable compact report table                                                ; Off                ; Off                ;
; Restructure Multiplexers                                                   ; Auto               ; Auto               ;
; Create Debugging Nodes for IP Cores                                        ; Off                ; Off                ;
; Preserve fewer node names                                                  ; On                 ; On                 ;
; Disable OpenCore Plus hardware evaluation                                  ; Off                ; Off                ;
; Verilog Version                                                            ; Verilog_2001       ; Verilog_2001       ;
; VHDL Version                                                               ; VHDL_1993          ; VHDL_1993          ;
; State Machine Processing                                                   ; Auto               ; Auto               ;
; Safe State Machine                                                         ; Off                ; Off                ;
; Extract Verilog State Machines                                             ; On                 ; On                 ;
; Extract VHDL State Machines                                                ; On                 ; On                 ;
; Ignore Verilog initial constructs                                          ; Off                ; Off                ;
; Iteration limit for constant Verilog loops                                 ; 5000               ; 5000               ;
; Iteration limit for non-constant Verilog loops                             ; 250                ; 250                ;
; Add Pass-Through Logic to Inferred RAMs                                    ; On                 ; On                 ;
; Infer RAMs from Raw Logic                                                  ; On                 ; On                 ;
; Parallel Synthesis                                                         ; On                 ; On                 ;
; DSP Block Balancing                                                        ; Auto               ; Auto               ;
; NOT Gate Push-Back                                                         ; On                 ; On                 ;
; Power-Up Don't Care                                                        ; On                 ; On                 ;
; Remove Redundant Logic Cells                                               ; Off                ; Off                ;
; Remove Duplicate Registers                                                 ; On                 ; On                 ;
; Ignore CARRY Buffers                                                       ; Off                ; Off                ;
; Ignore CASCADE Buffers                                                     ; Off                ; Off                ;
; Ignore GLOBAL Buffers                                                      ; Off                ; Off                ;
; Ignore ROW GLOBAL Buffers                                                  ; Off                ; Off                ;
; Ignore LCELL Buffers                                                       ; Off                ; Off                ;
; Ignore SOFT Buffers                                                        ; On                 ; On                 ;
; Limit AHDL Integers to 32 Bits                                             ; Off                ; Off                ;
; Optimization Technique                                                     ; Balanced           ; Balanced           ;
; Carry Chain Length                                                         ; 70                 ; 70                 ;
; Auto Carry Chains                                                          ; On                 ; On                 ;
; Auto Open-Drain Pins                                                       ; On                 ; On                 ;
; Perform WYSIWYG Primitive Resynthesis                                      ; Off                ; Off                ;
; Auto ROM Replacement                                                       ; On                 ; On                 ;
; Auto RAM Replacement                                                       ; On                 ; On                 ;
; Auto Shift Register Replacement                                            ; Auto               ; Auto               ;
; Allow Shift Register Merging across Hierarchies                            ; Auto               ; Auto               ;
; Auto Clock Enable Replacement                                              ; On                 ; On                 ;
; Strict RAM Replacement                                                     ; Off                ; Off                ;
; Allow Synchronous Control Signals                                          ; On                 ; On                 ;
; Force Use of Synchronous Clear Signals                                     ; Off                ; Off                ;
; Auto RAM to Logic Cell Conversion                                          ; Off                ; Off                ;
; Auto Resource Sharing                                                      ; Off                ; Off                ;
; Allow Any RAM Size For Recognition                                         ; Off                ; Off                ;
; Allow Any ROM Size For Recognition                                         ; Off                ; Off                ;
; Allow Any Shift Register Size For Recognition                              ; Off                ; Off                ;
; Use LogicLock Constraints during Resource Balancing                        ; On                 ; On                 ;
; Ignore translate_off and synthesis_off directives                          ; Off                ; Off                ;
; Timing-Driven Synthesis                                                    ; Off                ; Off                ;
; Report Parameter Settings                                                  ; On                 ; On                 ;
; Report Source Assignments                                                  ; On                 ; On                 ;
; Report Connectivity Checks                                                 ; On                 ; On                 ;
; Ignore Maximum Fan-Out Assignments                                         ; Off                ; Off                ;
; Synchronization Register Chain Length                                      ; 2                  ; 2                  ;
; PowerPlay Power Optimization                                               ; Normal compilation ; Normal compilation ;
; HDL message level                                                          ; Level2             ; Level2             ;
; Suppress Register Optimization Related Messages                            ; Off                ; Off                ;
; Number of Removed Registers Reported in Synthesis Report                   ; 5000               ; 5000               ;
; Number of Swept Nodes Reported in Synthesis Report                         ; 5000               ; 5000               ;
; Number of Inverted Registers Reported in Synthesis Report                  ; 100                ; 100                ;
; Clock MUX Protection                                                       ; On                 ; On                 ;
; Auto Gated Clock Conversion                                                ; Off                ; Off                ;
; Block Design Naming                                                        ; Auto               ; Auto               ;
; SDC constraint protection                                                  ; Off                ; Off                ;
; Synthesis Effort                                                           ; Auto               ; Auto               ;
; Shift Register Replacement - Allow Asynchronous Clear Signal               ; On                 ; On                 ;
; Pre-Mapping Resynthesis Optimization                                       ; Off                ; Off                ;
; Analysis & Synthesis Message Level                                         ; Medium             ; Medium             ;
; Disable Register Merging Across Hierarchies                                ; Auto               ; Auto               ;
; Resource Aware Inference For Block RAM                                     ; On                 ; On                 ;
; Synthesis Seed                                                             ; 1                  ; 1                  ;
+----------------------------------------------------------------------------+--------------------+--------------------+


+------------------------------------------+
; Parallel Compilation                     ;
+----------------------------+-------------+
; Processors                 ; Number      ;
+----------------------------+-------------+
; Number detected on machine ; 2           ;
; Maximum allowed            ; 2           ;
;                            ;             ;
; Average used               ; 1.00        ;
; Maximum used               ; 1           ;
;                            ;             ;
; Usage by Processor         ; % Time Used ;
;     Processor 1            ; 100.0%      ;
;     Processor 2            ;   0.0%      ;
+----------------------------+-------------+


+------------------------------------------------------------------------------------------------------------------------------------------------------------------+
; Analysis & Synthesis Source Files Read                                                                                                                           ;
+----------------------------------+-----------------+------------------------+--------------------------------------------------------------------------+---------+
; File Name with User-Entered Path ; Used in Netlist ; File Type              ; File Name with Absolute Path                                             ; Library ;
+----------------------------------+-----------------+------------------------+--------------------------------------------------------------------------+---------+
; test_machine.v                   ; yes             ; User Verilog HDL File  ; C:/Users/Luís/Documents/GitHub/ULA-origins/ULA-origins/test_machine.v    ;         ;
; ula_1b.v                         ; yes             ; User Verilog HDL File  ; C:/Users/Luís/Documents/GitHub/ULA-origins/ULA-origins/ula_1b.v          ;         ;
; adder_1b.v                       ; yes             ; User Verilog HDL File  ; C:/Users/Luís/Documents/GitHub/ULA-origins/ULA-origins/adder_1b.v        ;         ;
; mux2_1b.v                        ; yes             ; User Verilog HDL File  ; C:/Users/Luís/Documents/GitHub/ULA-origins/ULA-origins/mux2_1b.v         ;         ;
; mux4_1b.v                        ; yes             ; User Verilog HDL File  ; C:/Users/Luís/Documents/GitHub/ULA-origins/ULA-origins/mux4_1b.v         ;         ;
; overflow_1b.v                    ; yes             ; User Verilog HDL File  ; C:/Users/Luís/Documents/GitHub/ULA-origins/ULA-origins/overflow_1b.v     ;         ;
; ula_overflow.v                   ; yes             ; User Verilog HDL File  ; C:/Users/Luís/Documents/GitHub/ULA-origins/ULA-origins/ula_overflow.v    ;         ;
; ula_of_infinity.v                ; yes             ; User Verilog HDL File  ; C:/Users/Luís/Documents/GitHub/ULA-origins/ULA-origins/ula_of_infinity.v ;         ;
+----------------------------------+-----------------+------------------------+--------------------------------------------------------------------------+---------+


+---------------------------------------------------------+
; Analysis & Synthesis Resource Usage Summary             ;
+---------------------------------------------+-----------+
; Resource                                    ; Usage     ;
+---------------------------------------------+-----------+
; Estimated Total logic elements              ; 75        ;
;                                             ;           ;
; Total combinational functions               ; 73        ;
; Logic element usage by number of LUT inputs ;           ;
;     -- 4 input functions                    ; 20        ;
;     -- 3 input functions                    ; 37        ;
;     -- <=2 input functions                  ; 16        ;
;                                             ;           ;
; Logic elements by mode                      ;           ;
;     -- normal mode                          ; 66        ;
;     -- arithmetic mode                      ; 7         ;
;                                             ;           ;
; Total registers                             ; 4         ;
;     -- Dedicated logic registers            ; 4         ;
;     -- I/O registers                        ; 0         ;
;                                             ;           ;
; I/O pins                                    ; 18        ;
; Embedded Multiplier 9-bit elements          ; 0         ;
; Maximum fan-out node                        ; reg_op[3] ;
; Maximum fan-out                             ; 19        ;
; Total fan-out                               ; 239       ;
; Average fan-out                             ; 2.52      ;
+---------------------------------------------+-----------+


+------------------------------------------------------------------------------------------------------------------------------------------------------------------------------------------------------------------------------------------------------------------+
; Analysis & Synthesis Resource Utilization by Entity                                                                                                                                                                                                              ;
+-----------------------------------------+-------------------+--------------+-------------+--------------+---------+-----------+------+--------------+---------------------------------------------------------------------------------------------+--------------+
; Compilation Hierarchy Node              ; LC Combinationals ; LC Registers ; Memory Bits ; DSP Elements ; DSP 9x9 ; DSP 18x18 ; Pins ; Virtual Pins ; Full Hierarchy Name                                                                         ; Library Name ;
+-----------------------------------------+-------------------+--------------+-------------+--------------+---------+-----------+------+--------------+---------------------------------------------------------------------------------------------+--------------+
; |test_machine                           ; 73 (30)           ; 4 (4)        ; 0           ; 0            ; 0       ; 0         ; 18   ; 0            ; |test_machine                                                                               ; work         ;
;    |ula_of_infinity:ula_of_destiny|     ; 43 (0)            ; 0 (0)        ; 0           ; 0            ; 0       ; 0         ; 0    ; 0            ; |test_machine|ula_of_infinity:ula_of_destiny                                                ; work         ;
;       |ula_1b:ula0|                     ; 6 (0)             ; 0 (0)        ; 0           ; 0            ; 0       ; 0         ; 0    ; 0            ; |test_machine|ula_of_infinity:ula_of_destiny|ula_1b:ula0                                    ; work         ;
;          |adder_1b:adder|               ; 1 (1)             ; 0 (0)        ; 0           ; 0            ; 0       ; 0         ; 0    ; 0            ; |test_machine|ula_of_infinity:ula_of_destiny|ula_1b:ula0|adder_1b:adder                     ; work         ;
;          |mux2_1b:mux_binvert|          ; 1 (1)             ; 0 (0)        ; 0           ; 0            ; 0       ; 0         ; 0    ; 0            ; |test_machine|ula_of_infinity:ula_of_destiny|ula_1b:ula0|mux2_1b:mux_binvert                ; work         ;
;          |mux4_1b:mux|                  ; 4 (0)             ; 0 (0)        ; 0           ; 0            ; 0       ; 0         ; 0    ; 0            ; |test_machine|ula_of_infinity:ula_of_destiny|ula_1b:ula0|mux4_1b:mux                        ; work         ;
;             |mux2_1b:M1|                ; 1 (1)             ; 0 (0)        ; 0           ; 0            ; 0       ; 0         ; 0    ; 0            ; |test_machine|ula_of_infinity:ula_of_destiny|ula_1b:ula0|mux4_1b:mux|mux2_1b:M1             ; work         ;
;             |mux2_1b:M2|                ; 1 (1)             ; 0 (0)        ; 0           ; 0            ; 0       ; 0         ; 0    ; 0            ; |test_machine|ula_of_infinity:ula_of_destiny|ula_1b:ula0|mux4_1b:mux|mux2_1b:M2             ; work         ;
;             |mux2_1b:M3|                ; 2 (2)             ; 0 (0)        ; 0           ; 0            ; 0       ; 0         ; 0    ; 0            ; |test_machine|ula_of_infinity:ula_of_destiny|ula_1b:ula0|mux4_1b:mux|mux2_1b:M3             ; work         ;
;       |ula_1b:ula1|                     ; 11 (0)            ; 0 (0)        ; 0           ; 0            ; 0       ; 0         ; 0    ; 0            ; |test_machine|ula_of_infinity:ula_of_destiny|ula_1b:ula1                                    ; work         ;
;          |adder_1b:adder|               ; 8 (8)             ; 0 (0)        ; 0           ; 0            ; 0       ; 0         ; 0    ; 0            ; |test_machine|ula_of_infinity:ula_of_destiny|ula_1b:ula1|adder_1b:adder                     ; work         ;
;          |mux2_1b:mux_binvert|          ; 1 (1)             ; 0 (0)        ; 0           ; 0            ; 0       ; 0         ; 0    ; 0            ; |test_machine|ula_of_infinity:ula_of_destiny|ula_1b:ula1|mux2_1b:mux_binvert                ; work         ;
;          |mux4_1b:mux|                  ; 2 (0)             ; 0 (0)        ; 0           ; 0            ; 0       ; 0         ; 0    ; 0            ; |test_machine|ula_of_infinity:ula_of_destiny|ula_1b:ula1|mux4_1b:mux                        ; work         ;
;             |mux2_1b:M1|                ; 1 (1)             ; 0 (0)        ; 0           ; 0            ; 0       ; 0         ; 0    ; 0            ; |test_machine|ula_of_infinity:ula_of_destiny|ula_1b:ula1|mux4_1b:mux|mux2_1b:M1             ; work         ;
;             |mux2_1b:M3|                ; 1 (1)             ; 0 (0)        ; 0           ; 0            ; 0       ; 0         ; 0    ; 0            ; |test_machine|ula_of_infinity:ula_of_destiny|ula_1b:ula1|mux4_1b:mux|mux2_1b:M3             ; work         ;
;       |ula_1b:ula2|                     ; 4 (0)             ; 0 (0)        ; 0           ; 0            ; 0       ; 0         ; 0    ; 0            ; |test_machine|ula_of_infinity:ula_of_destiny|ula_1b:ula2                                    ; work         ;
;          |mux2_1b:mux_ainvert|          ; 1 (1)             ; 0 (0)        ; 0           ; 0            ; 0       ; 0         ; 0    ; 0            ; |test_machine|ula_of_infinity:ula_of_destiny|ula_1b:ula2|mux2_1b:mux_ainvert                ; work         ;
;          |mux2_1b:mux_binvert|          ; 1 (1)             ; 0 (0)        ; 0           ; 0            ; 0       ; 0         ; 0    ; 0            ; |test_machine|ula_of_infinity:ula_of_destiny|ula_1b:ula2|mux2_1b:mux_binvert                ; work         ;
;          |mux4_1b:mux|                  ; 2 (0)             ; 0 (0)        ; 0           ; 0            ; 0       ; 0         ; 0    ; 0            ; |test_machine|ula_of_infinity:ula_of_destiny|ula_1b:ula2|mux4_1b:mux                        ; work         ;
;             |mux2_1b:M1|                ; 1 (1)             ; 0 (0)        ; 0           ; 0            ; 0       ; 0         ; 0    ; 0            ; |test_machine|ula_of_infinity:ula_of_destiny|ula_1b:ula2|mux4_1b:mux|mux2_1b:M1             ; work         ;
;             |mux2_1b:M3|                ; 1 (1)             ; 0 (0)        ; 0           ; 0            ; 0       ; 0         ; 0    ; 0            ; |test_machine|ula_of_infinity:ula_of_destiny|ula_1b:ula2|mux4_1b:mux|mux2_1b:M3             ; work         ;
;       |ula_1b:ula3|                     ; 4 (0)             ; 0 (0)        ; 0           ; 0            ; 0       ; 0         ; 0    ; 0            ; |test_machine|ula_of_infinity:ula_of_destiny|ula_1b:ula3                                    ; work         ;
;          |mux2_1b:mux_ainvert|          ; 1 (1)             ; 0 (0)        ; 0           ; 0            ; 0       ; 0         ; 0    ; 0            ; |test_machine|ula_of_infinity:ula_of_destiny|ula_1b:ula3|mux2_1b:mux_ainvert                ; work         ;
;          |mux2_1b:mux_binvert|          ; 1 (1)             ; 0 (0)        ; 0           ; 0            ; 0       ; 0         ; 0    ; 0            ; |test_machine|ula_of_infinity:ula_of_destiny|ula_1b:ula3|mux2_1b:mux_binvert                ; work         ;
;          |mux4_1b:mux|                  ; 2 (0)             ; 0 (0)        ; 0           ; 0            ; 0       ; 0         ; 0    ; 0            ; |test_machine|ula_of_infinity:ula_of_destiny|ula_1b:ula3|mux4_1b:mux                        ; work         ;
;             |mux2_1b:M1|                ; 1 (1)             ; 0 (0)        ; 0           ; 0            ; 0       ; 0         ; 0    ; 0            ; |test_machine|ula_of_infinity:ula_of_destiny|ula_1b:ula3|mux4_1b:mux|mux2_1b:M1             ; work         ;
;             |mux2_1b:M3|                ; 1 (1)             ; 0 (0)        ; 0           ; 0            ; 0       ; 0         ; 0    ; 0            ; |test_machine|ula_of_infinity:ula_of_destiny|ula_1b:ula3|mux4_1b:mux|mux2_1b:M3             ; work         ;
;       |ula_1b:ula4|                     ; 4 (0)             ; 0 (0)        ; 0           ; 0            ; 0       ; 0         ; 0    ; 0            ; |test_machine|ula_of_infinity:ula_of_destiny|ula_1b:ula4                                    ; work         ;
;          |mux2_1b:mux_ainvert|          ; 1 (1)             ; 0 (0)        ; 0           ; 0            ; 0       ; 0         ; 0    ; 0            ; |test_machine|ula_of_infinity:ula_of_destiny|ula_1b:ula4|mux2_1b:mux_ainvert                ; work         ;
;          |mux2_1b:mux_binvert|          ; 1 (1)             ; 0 (0)        ; 0           ; 0            ; 0       ; 0         ; 0    ; 0            ; |test_machine|ula_of_infinity:ula_of_destiny|ula_1b:ula4|mux2_1b:mux_binvert                ; work         ;
;          |mux4_1b:mux|                  ; 2 (0)             ; 0 (0)        ; 0           ; 0            ; 0       ; 0         ; 0    ; 0            ; |test_machine|ula_of_infinity:ula_of_destiny|ula_1b:ula4|mux4_1b:mux                        ; work         ;
;             |mux2_1b:M1|                ; 1 (1)             ; 0 (0)        ; 0           ; 0            ; 0       ; 0         ; 0    ; 0            ; |test_machine|ula_of_infinity:ula_of_destiny|ula_1b:ula4|mux4_1b:mux|mux2_1b:M1             ; work         ;
;             |mux2_1b:M3|                ; 1 (1)             ; 0 (0)        ; 0           ; 0            ; 0       ; 0         ; 0    ; 0            ; |test_machine|ula_of_infinity:ula_of_destiny|ula_1b:ula4|mux4_1b:mux|mux2_1b:M3             ; work         ;
;       |ula_1b:ula5|                     ; 4 (0)             ; 0 (0)        ; 0           ; 0            ; 0       ; 0         ; 0    ; 0            ; |test_machine|ula_of_infinity:ula_of_destiny|ula_1b:ula5                                    ; work         ;
;          |mux2_1b:mux_ainvert|          ; 1 (1)             ; 0 (0)        ; 0           ; 0            ; 0       ; 0         ; 0    ; 0            ; |test_machine|ula_of_infinity:ula_of_destiny|ula_1b:ula5|mux2_1b:mux_ainvert                ; work         ;
;          |mux2_1b:mux_binvert|          ; 1 (1)             ; 0 (0)        ; 0           ; 0            ; 0       ; 0         ; 0    ; 0            ; |test_machine|ula_of_infinity:ula_of_destiny|ula_1b:ula5|mux2_1b:mux_binvert                ; work         ;
;          |mux4_1b:mux|                  ; 2 (0)             ; 0 (0)        ; 0           ; 0            ; 0       ; 0         ; 0    ; 0            ; |test_machine|ula_of_infinity:ula_of_destiny|ula_1b:ula5|mux4_1b:mux                        ; work         ;
;             |mux2_1b:M1|                ; 1 (1)             ; 0 (0)        ; 0           ; 0            ; 0       ; 0         ; 0    ; 0            ; |test_machine|ula_of_infinity:ula_of_destiny|ula_1b:ula5|mux4_1b:mux|mux2_1b:M1             ; work         ;
;             |mux2_1b:M3|                ; 1 (1)             ; 0 (0)        ; 0           ; 0            ; 0       ; 0         ; 0    ; 0            ; |test_machine|ula_of_infinity:ula_of_destiny|ula_1b:ula5|mux4_1b:mux|mux2_1b:M3             ; work         ;
;       |ula_1b:ula6|                     ; 4 (0)             ; 0 (0)        ; 0           ; 0            ; 0       ; 0         ; 0    ; 0            ; |test_machine|ula_of_infinity:ula_of_destiny|ula_1b:ula6                                    ; work         ;
;          |mux2_1b:mux_ainvert|          ; 1 (1)             ; 0 (0)        ; 0           ; 0            ; 0       ; 0         ; 0    ; 0            ; |test_machine|ula_of_infinity:ula_of_destiny|ula_1b:ula6|mux2_1b:mux_ainvert                ; work         ;
;          |mux2_1b:mux_binvert|          ; 1 (1)             ; 0 (0)        ; 0           ; 0            ; 0       ; 0         ; 0    ; 0            ; |test_machine|ula_of_infinity:ula_of_destiny|ula_1b:ula6|mux2_1b:mux_binvert                ; work         ;
;          |mux4_1b:mux|                  ; 2 (0)             ; 0 (0)        ; 0           ; 0            ; 0       ; 0         ; 0    ; 0            ; |test_machine|ula_of_infinity:ula_of_destiny|ula_1b:ula6|mux4_1b:mux                        ; work         ;
;             |mux2_1b:M1|                ; 1 (1)             ; 0 (0)        ; 0           ; 0            ; 0       ; 0         ; 0    ; 0            ; |test_machine|ula_of_infinity:ula_of_destiny|ula_1b:ula6|mux4_1b:mux|mux2_1b:M1             ; work         ;
;             |mux2_1b:M3|                ; 1 (1)             ; 0 (0)        ; 0           ; 0            ; 0       ; 0         ; 0    ; 0            ; |test_machine|ula_of_infinity:ula_of_destiny|ula_1b:ula6|mux4_1b:mux|mux2_1b:M3             ; work         ;
;       |ula_overflow:ula7|               ; 6 (0)             ; 0 (0)        ; 0           ; 0            ; 0       ; 0         ; 0    ; 0            ; |test_machine|ula_of_infinity:ula_of_destiny|ula_overflow:ula7                              ; work         ;
;          |adder_1b:adder|               ; 1 (1)             ; 0 (0)        ; 0           ; 0            ; 0       ; 0         ; 0    ; 0            ; |test_machine|ula_of_infinity:ula_of_destiny|ula_overflow:ula7|adder_1b:adder               ; work         ;
;          |mux2_1b:mux_binvert|          ; 1 (1)             ; 0 (0)        ; 0           ; 0            ; 0       ; 0         ; 0    ; 0            ; |test_machine|ula_of_infinity:ula_of_destiny|ula_overflow:ula7|mux2_1b:mux_binvert          ; work         ;
;          |mux4_1b:mux|                  ; 3 (0)             ; 0 (0)        ; 0           ; 0            ; 0       ; 0         ; 0    ; 0            ; |test_machine|ula_of_infinity:ula_of_destiny|ula_overflow:ula7|mux4_1b:mux                  ; work         ;
;             |mux2_1b:M3|                ; 3 (3)             ; 0 (0)        ; 0           ; 0            ; 0       ; 0         ; 0    ; 0            ; |test_machine|ula_of_infinity:ula_of_destiny|ula_overflow:ula7|mux4_1b:mux|mux2_1b:M3       ; work         ;
;          |overflow_1b:overflow_origins| ; 1 (1)             ; 0 (0)        ; 0           ; 0            ; 0       ; 0         ; 0    ; 0            ; |test_machine|ula_of_infinity:ula_of_destiny|ula_overflow:ula7|overflow_1b:overflow_origins ; work         ;
+-----------------------------------------+-------------------+--------------+-------------+--------------+---------+-----------+------+--------------+---------------------------------------------------------------------------------------------+--------------+
Note: For table entries with two numbers listed, the numbers in parentheses indicate the number of resources of the given type used by the specific entity alone. The numbers listed outside of parentheses indicate the total resources of the given type used by the specific entity and all of its sub-entities in the hierarchy.


Encoding Type:  One-Hot
+------------------------------------------------------+
; State Machine - |test_machine|state                  ;
+----------+----------+----------+----------+----------+
; Name     ; state.S3 ; state.S2 ; state.S1 ; state.S0 ;
+----------+----------+----------+----------+----------+
; state.S0 ; 0        ; 0        ; 0        ; 0        ;
; state.S1 ; 0        ; 0        ; 1        ; 1        ;
; state.S2 ; 0        ; 1        ; 0        ; 1        ;
; state.S3 ; 1        ; 0        ; 0        ; 1        ;
+----------+----------+----------+----------+----------+


+----------------------------------------------------------------------------------------------------+
; User-Specified and Inferred Latches                                                                ;
+-----------------------------------------------------+---------------------+------------------------+
; Latch Name                                          ; Latch Enable Signal ; Free of Timing Hazards ;
+-----------------------------------------------------+---------------------+------------------------+
; result[0]$latch                                     ; state.S3            ; yes                    ;
; result[1]$latch                                     ; state.S3            ; yes                    ;
; result[2]$latch                                     ; state.S3            ; yes                    ;
; result[3]$latch                                     ; state.S3            ; yes                    ;
; result[4]$latch                                     ; state.S3            ; yes                    ;
; result[5]$latch                                     ; state.S3            ; yes                    ;
; result[6]$latch                                     ; state.S3            ; yes                    ;
; result[7]$latch                                     ; state.S3            ; yes                    ;
; reg_a[0]                                            ; state.S0            ; yes                    ;
; reg_op[3]                                           ; state.S2            ; yes                    ;
; reg_op[0]                                           ; state.S2            ; yes                    ;
; reg_op[2]                                           ; state.S2            ; yes                    ;
; reg_b[0]                                            ; state.S1            ; yes                    ;
; reg_b[7]                                            ; state.S1            ; yes                    ;
; reg_a[7]                                            ; state.S0            ; yes                    ;
; reg_a[6]                                            ; state.S0            ; yes                    ;
; reg_b[6]                                            ; state.S1            ; yes                    ;
; reg_a[5]                                            ; state.S0            ; yes                    ;
; reg_b[5]                                            ; state.S1            ; yes                    ;
; reg_a[4]                                            ; state.S0            ; yes                    ;
; reg_b[4]                                            ; state.S1            ; yes                    ;
; reg_a[3]                                            ; state.S0            ; yes                    ;
; reg_b[3]                                            ; state.S1            ; yes                    ;
; reg_a[2]                                            ; state.S0            ; yes                    ;
; reg_b[2]                                            ; state.S1            ; yes                    ;
; reg_b[1]                                            ; state.S1            ; yes                    ;
; reg_a[1]                                            ; state.S0            ; yes                    ;
; reg_op[1]                                           ; state.S2            ; yes                    ;
; Number of user-specified and inferred latches = 28  ;                     ;                        ;
+-----------------------------------------------------+---------------------+------------------------+
Note: All latches listed above may not be present at the end of synthesis due to various synthesis optimizations.


+------------------------------------------------------------+
; Registers Removed During Synthesis                         ;
+---------------------------------------+--------------------+
; Register name                         ; Reason for Removal ;
+---------------------------------------+--------------------+
; state~4                               ; Lost fanout        ;
; state~5                               ; Lost fanout        ;
; Total Number of Removed Registers = 2 ;                    ;
+---------------------------------------+--------------------+


+------------------------------------------------------+
; General Register Statistics                          ;
+----------------------------------------------+-------+
; Statistic                                    ; Value ;
+----------------------------------------------+-------+
; Total registers                              ; 4     ;
; Number of registers using Synchronous Clear  ; 0     ;
; Number of registers using Synchronous Load   ; 0     ;
; Number of registers using Asynchronous Clear ; 4     ;
; Number of registers using Asynchronous Load  ; 0     ;
; Number of registers using Clock Enable       ; 0     ;
; Number of registers using Preset             ; 0     ;
+----------------------------------------------+-------+


+------------------------------------------------------------------------------+
; Parameter Settings for User Entity Instance: Top-level Entity: |test_machine ;
+----------------+-------+-----------------------------------------------------+
; Parameter Name ; Value ; Type                                                ;
+----------------+-------+-----------------------------------------------------+
; S0             ; 0     ; Signed Integer                                      ;
; S1             ; 1     ; Signed Integer                                      ;
; S2             ; 2     ; Signed Integer                                      ;
; S3             ; 3     ; Signed Integer                                      ;
+----------------+-------+-----------------------------------------------------+
Note: In order to hide this table in the UI and the text report file, please set the "Show Parameter Settings in Synthesis Report" option in "Analysis and Synthesis Settings -> More Settings" to "Off".


+------------------------------------------------------------------------------+
; Port Connectivity Checks: "ula_of_infinity:ula_of_destiny|ula_overflow:ula7" ;
+------+-------+----------+----------------------------------------------------+
; Port ; Type  ; Severity ; Details                                            ;
+------+-------+----------+----------------------------------------------------+
; less ; Input ; Info     ; Stuck at GND                                       ;
+------+-------+----------+----------------------------------------------------+


+------------------------------------------------------------------------+
; Port Connectivity Checks: "ula_of_infinity:ula_of_destiny|ula_1b:ula6" ;
+------+-------+----------+----------------------------------------------+
; Port ; Type  ; Severity ; Details                                      ;
+------+-------+----------+----------------------------------------------+
; less ; Input ; Info     ; Stuck at GND                                 ;
+------+-------+----------+----------------------------------------------+


+------------------------------------------------------------------------+
; Port Connectivity Checks: "ula_of_infinity:ula_of_destiny|ula_1b:ula5" ;
+------+-------+----------+----------------------------------------------+
; Port ; Type  ; Severity ; Details                                      ;
+------+-------+----------+----------------------------------------------+
; less ; Input ; Info     ; Stuck at GND                                 ;
+------+-------+----------+----------------------------------------------+


+------------------------------------------------------------------------+
; Port Connectivity Checks: "ula_of_infinity:ula_of_destiny|ula_1b:ula4" ;
+------+-------+----------+----------------------------------------------+
; Port ; Type  ; Severity ; Details                                      ;
+------+-------+----------+----------------------------------------------+
; less ; Input ; Info     ; Stuck at GND                                 ;
+------+-------+----------+----------------------------------------------+


+------------------------------------------------------------------------+
; Port Connectivity Checks: "ula_of_infinity:ula_of_destiny|ula_1b:ula3" ;
+------+-------+----------+----------------------------------------------+
; Port ; Type  ; Severity ; Details                                      ;
+------+-------+----------+----------------------------------------------+
; less ; Input ; Info     ; Stuck at GND                                 ;
+------+-------+----------+----------------------------------------------+


+------------------------------------------------------------------------+
; Port Connectivity Checks: "ula_of_infinity:ula_of_destiny|ula_1b:ula2" ;
+------+-------+----------+----------------------------------------------+
; Port ; Type  ; Severity ; Details                                      ;
+------+-------+----------+----------------------------------------------+
; less ; Input ; Info     ; Stuck at GND                                 ;
+------+-------+----------+----------------------------------------------+


+------------------------------------------------------------------------+
; Port Connectivity Checks: "ula_of_infinity:ula_of_destiny|ula_1b:ula1" ;
+------+-------+----------+----------------------------------------------+
; Port ; Type  ; Severity ; Details                                      ;
+------+-------+----------+----------------------------------------------+
; less ; Input ; Info     ; Stuck at GND                                 ;
+------+-------+----------+----------------------------------------------+


+--------------------------------------------------------------------------------------------------------------------+
; Port Connectivity Checks: "ula_of_infinity:ula_of_destiny"                                                         ;
+----------+--------+----------+-------------------------------------------------------------------------------------+
; Port     ; Type   ; Severity ; Details                                                                             ;
+----------+--------+----------+-------------------------------------------------------------------------------------+
; cout     ; Output ; Info     ; Connected to dangling logic. Logic that only feeds a dangling port will be removed. ;
; overflow ; Output ; Info     ; Connected to dangling logic. Logic that only feeds a dangling port will be removed. ;
; zero     ; Output ; Info     ; Connected to dangling logic. Logic that only feeds a dangling port will be removed. ;
+----------+--------+----------+-------------------------------------------------------------------------------------+


+-------------------------------+
; Elapsed Time Per Partition    ;
+----------------+--------------+
; Partition Name ; Elapsed Time ;
+----------------+--------------+
; Top            ; 00:00:01     ;
+----------------+--------------+


+-------------------------------+
; Analysis & Synthesis Messages ;
+-------------------------------+
Info: *******************************************************************
Info: Running Quartus II 64-Bit Analysis & Synthesis
    Info: Version 13.0.1 Build 232 06/12/2013 Service Pack 1 SJ Full Version
    Info: Processing started: Tue Dec 16 02:31:22 2014
Info: Command: quartus_map --read_settings_files=on --write_settings_files=off ULA-origins -c ULA-origins
Info (20030): Parallel compilation is enabled and will use 2 of the 2 processors detected
Info (12021): Found 1 design units, including 1 entities, in source file test_machine.v
    Info (12023): Found entity 1: test_machine
Info (12021): Found 0 design units, including 0 entities, in source file machine_of_destiny.v
Info (12021): Found 1 design units, including 1 entities, in source file ula_1b.v
    Info (12023): Found entity 1: ula_1b
Info (12021): Found 1 design units, including 1 entities, in source file adder_1b.v
    Info (12023): Found entity 1: adder_1b
Info (12021): Found 1 design units, including 1 entities, in source file mux2_1b.v
    Info (12023): Found entity 1: mux2_1b
Info (12021): Found 1 design units, including 1 entities, in source file mux4_1b.v
    Info (12023): Found entity 1: mux4_1b
Info (12021): Found 1 design units, including 1 entities, in source file overflow_1b.v
    Info (12023): Found entity 1: overflow_1b
Info (12021): Found 1 design units, including 1 entities, in source file ula_overflow.v
    Info (12023): Found entity 1: ula_overflow
Info (12021): Found 1 design units, including 1 entities, in source file ula_of_infinity.v
    Info (12023): Found entity 1: ula_of_infinity
Info (12127): Elaborating entity "test_machine" for the top level hierarchy
Warning (10235): Verilog HDL Always Construct warning at test_machine.v(36): variable "data_in" is read inside the Always Construct but isn't in the Always Construct's Event Control
Warning (10235): Verilog HDL Always Construct warning at test_machine.v(38): variable "data_in" is read inside the Always Construct but isn't in the Always Construct's Event Control
Warning (10235): Verilog HDL Always Construct warning at test_machine.v(40): variable "data_in" is read inside the Always Construct but isn't in the Always Construct's Event Control
Warning (10235): Verilog HDL Always Construct warning at test_machine.v(42): variable "wire_result" is read inside the Always Construct but isn't in the Always Construct's Event Control
Warning (10235): Verilog HDL Always Construct warning at test_machine.v(44): variable "data_in" is read inside the Always Construct but isn't in the Always Construct's Event Control
Warning (10240): Verilog HDL Always Construct warning at test_machine.v(33): inferring latch(es) for variable "reg_a", which holds its previous value in one or more paths through the always construct
Warning (10240): Verilog HDL Always Construct warning at test_machine.v(33): inferring latch(es) for variable "reg_b", which holds its previous value in one or more paths through the always construct
Warning (10240): Verilog HDL Always Construct warning at test_machine.v(33): inferring latch(es) for variable "reg_op", which holds its previous value in one or more paths through the always construct
Warning (10240): Verilog HDL Always Construct warning at test_machine.v(33): inferring latch(es) for variable "result", which holds its previous value in one or more paths through the always construct
Info (10041): Inferred latch for "result[0]" at test_machine.v(33)
Info (10041): Inferred latch for "result[1]" at test_machine.v(33)
Info (10041): Inferred latch for "result[2]" at test_machine.v(33)
Info (10041): Inferred latch for "result[3]" at test_machine.v(33)
Info (10041): Inferred latch for "result[4]" at test_machine.v(33)
Info (10041): Inferred latch for "result[5]" at test_machine.v(33)
Info (10041): Inferred latch for "result[6]" at test_machine.v(33)
Info (10041): Inferred latch for "result[7]" at test_machine.v(33)
Info (10041): Inferred latch for "reg_op[0]" at test_machine.v(33)
Info (10041): Inferred latch for "reg_op[1]" at test_machine.v(33)
Info (10041): Inferred latch for "reg_op[2]" at test_machine.v(33)
Info (10041): Inferred latch for "reg_op[3]" at test_machine.v(33)
Info (10041): Inferred latch for "reg_b[0]" at test_machine.v(33)
Info (10041): Inferred latch for "reg_b[1]" at test_machine.v(33)
Info (10041): Inferred latch for "reg_b[2]" at test_machine.v(33)
Info (10041): Inferred latch for "reg_b[3]" at test_machine.v(33)
Info (10041): Inferred latch for "reg_b[4]" at test_machine.v(33)
Info (10041): Inferred latch for "reg_b[5]" at test_machine.v(33)
Info (10041): Inferred latch for "reg_b[6]" at test_machine.v(33)
Info (10041): Inferred latch for "reg_b[7]" at test_machine.v(33)
Info (10041): Inferred latch for "reg_a[0]" at test_machine.v(33)
Info (10041): Inferred latch for "reg_a[1]" at test_machine.v(33)
Info (10041): Inferred latch for "reg_a[2]" at test_machine.v(33)
Info (10041): Inferred latch for "reg_a[3]" at test_machine.v(33)
Info (10041): Inferred latch for "reg_a[4]" at test_machine.v(33)
Info (10041): Inferred latch for "reg_a[5]" at test_machine.v(33)
Info (10041): Inferred latch for "reg_a[6]" at test_machine.v(33)
Info (10041): Inferred latch for "reg_a[7]" at test_machine.v(33)
Info (12128): Elaborating entity "ula_of_infinity" for hierarchy "ula_of_infinity:ula_of_destiny"
Info (12128): Elaborating entity "ula_1b" for hierarchy "ula_of_infinity:ula_of_destiny|ula_1b:ula0"
Info (12128): Elaborating entity "mux2_1b" for hierarchy "ula_of_infinity:ula_of_destiny|ula_1b:ula0|mux2_1b:mux_ainvert"
Info (12128): Elaborating entity "adder_1b" for hierarchy "ula_of_infinity:ula_of_destiny|ula_1b:ula0|adder_1b:adder"
Info (12128): Elaborating entity "mux4_1b" for hierarchy "ula_of_infinity:ula_of_destiny|ula_1b:ula0|mux4_1b:mux"
Info (12128): Elaborating entity "ula_overflow" for hierarchy "ula_of_infinity:ula_of_destiny|ula_overflow:ula7"
Info (12128): Elaborating entity "overflow_1b" for hierarchy "ula_of_infinity:ula_of_destiny|ula_overflow:ula7|overflow_1b:overflow_origins"
Info (17049): 2 registers lost all their fanouts during netlist optimizations.
Info (16010): Generating hard_block partition "hard_block:auto_generated_inst"
    Info (16011): Adding 0 node(s), including 0 DDIO, 0 PLL, 0 transceiver and 0 LCELL
Info (21057): Implemented 93 device resources after synthesis - the final resource count might be different
    Info (21058): Implemented 10 input pins
    Info (21059): Implemented 8 output pins
    Info (21061): Implemented 75 logic cells
Info: Quartus II 64-Bit Analysis & Synthesis was successful. 0 errors, 9 warnings
    Info: Peak virtual memory: 454 megabytes
    Info: Processing ended: Tue Dec 16 02:31:30 2014
    Info: Elapsed time: 00:00:08
    Info: Total CPU time (on all processors): 00:00:08


