TimeQuest Timing Analyzer report for ULA-origins
Thu Dec 11 23:54:16 2014
Quartus II 64-Bit Version 13.0.1 Build 232 06/12/2013 Service Pack 1 SJ Full Version


---------------------
; Table of Contents ;
---------------------
  1. Legal Notice
  2. TimeQuest Timing Analyzer Summary
  3. Parallel Compilation
  4. Clocks
  5. Slow Model Fmax Summary
  6. Slow Model Setup Summary
  7. Slow Model Hold Summary
  8. Slow Model Recovery Summary
  9. Slow Model Removal Summary
 10. Slow Model Minimum Pulse Width Summary
 11. Propagation Delay
 12. Minimum Propagation Delay
 13. Fast Model Setup Summary
 14. Fast Model Hold Summary
 15. Fast Model Recovery Summary
 16. Fast Model Removal Summary
 17. Fast Model Minimum Pulse Width Summary
 18. Propagation Delay
 19. Minimum Propagation Delay
 20. Multicorner Timing Analysis Summary
 21. Progagation Delay
 22. Minimum Progagation Delay
 23. Clock Transfers
 24. Report TCCS
 25. Report RSKM
 26. Unconstrained Paths
 27. TimeQuest Timing Analyzer Messages



----------------
; Legal Notice ;
----------------
Copyright (C) 1991-2013 Altera Corporation
Your use of Altera Corporation's design tools, logic functions 
and other software and tools, and its AMPP partner logic 
functions, and any output files from any of the foregoing 
(including device programming or simulation files), and any 
associated documentation or information are expressly subject 
to the terms and conditions of the Altera Program License 
Subscription Agreement, Altera MegaCore Function License 
Agreement, or other applicable license agreement, including, 
without limitation, that your use is for the sole purpose of 
programming logic devices manufactured by Altera and sold by 
Altera or its authorized distributors.  Please refer to the 
applicable agreement for further details.



+-----------------------------------------------------------------------------------------+
; TimeQuest Timing Analyzer Summary                                                       ;
+--------------------+--------------------------------------------------------------------+
; Quartus II Version ; Version 13.0.1 Build 232 06/12/2013 Service Pack 1 SJ Full Version ;
; Revision Name      ; ULA-origins                                                        ;
; Device Family      ; Cyclone II                                                         ;
; Device Name        ; EP2C35F672C6                                                       ;
; Timing Models      ; Final                                                              ;
; Delay Model        ; Combined                                                           ;
; Rise/Fall Delays   ; Unavailable                                                        ;
+--------------------+--------------------------------------------------------------------+


+------------------------------------------+
; Parallel Compilation                     ;
+----------------------------+-------------+
; Processors                 ; Number      ;
+----------------------------+-------------+
; Number detected on machine ; 2           ;
; Maximum allowed            ; 2           ;
;                            ;             ;
; Average used               ; 1.00        ;
; Maximum used               ; 1           ;
;                            ;             ;
; Usage by Processor         ; % Time Used ;
;     Processor 1            ; 100.0%      ;
;     Processor 2            ;   0.0%      ;
+----------------------------+-------------+


----------
; Clocks ;
----------
No clocks to report.


---------------------------
; Slow Model Fmax Summary ;
---------------------------
No paths to report.


----------------------------
; Slow Model Setup Summary ;
----------------------------
No paths to report.


---------------------------
; Slow Model Hold Summary ;
---------------------------
No paths to report.


-------------------------------
; Slow Model Recovery Summary ;
-------------------------------
No paths to report.


------------------------------
; Slow Model Removal Summary ;
------------------------------
No paths to report.


------------------------------------------
; Slow Model Minimum Pulse Width Summary ;
------------------------------------------
No paths to report.


+--------------------------------------------------------------+
; Propagation Delay                                            ;
+------------+-------------+--------+--------+--------+--------+
; Input Port ; Output Port ; RR     ; RF     ; FR     ; FF     ;
+------------+-------------+--------+--------+--------+--------+
; a[0]       ; cout        ; 13.045 ; 13.045 ; 13.045 ; 13.045 ;
; a[0]       ; overflow    ; 13.023 ; 13.023 ; 13.023 ; 13.023 ;
; a[0]       ; result[0]   ; 14.442 ; 14.442 ; 14.442 ; 14.442 ;
; a[0]       ; result[1]   ; 11.926 ; 11.926 ; 11.926 ; 11.926 ;
; a[0]       ; result[2]   ; 12.267 ; 12.267 ; 12.267 ; 12.267 ;
; a[0]       ; result[3]   ; 12.842 ; 12.842 ; 12.842 ; 12.842 ;
; a[0]       ; result[4]   ; 12.857 ; 12.857 ; 12.857 ; 12.857 ;
; a[0]       ; result[5]   ; 12.492 ; 12.492 ; 12.492 ; 12.492 ;
; a[0]       ; result[6]   ; 12.491 ; 12.491 ; 12.491 ; 12.491 ;
; a[0]       ; result[7]   ; 13.307 ; 13.307 ; 13.307 ; 13.307 ;
; a[0]       ; zero        ; 14.813 ; 14.813 ; 14.813 ; 14.813 ;
; a[1]       ; cout        ; 11.892 ; 11.892 ; 11.892 ; 11.892 ;
; a[1]       ; overflow    ; 11.870 ; 11.870 ; 11.870 ; 11.870 ;
; a[1]       ; result[0]   ; 13.289 ; 13.289 ; 13.289 ; 13.289 ;
; a[1]       ; result[1]   ; 11.088 ; 11.088 ; 11.088 ; 11.088 ;
; a[1]       ; result[2]   ; 11.114 ; 11.114 ; 11.114 ; 11.114 ;
; a[1]       ; result[3]   ; 11.689 ; 11.689 ; 11.689 ; 11.689 ;
; a[1]       ; result[4]   ; 11.704 ; 11.704 ; 11.704 ; 11.704 ;
; a[1]       ; result[5]   ; 11.339 ; 11.339 ; 11.339 ; 11.339 ;
; a[1]       ; result[6]   ; 11.338 ; 11.338 ; 11.338 ; 11.338 ;
; a[1]       ; result[7]   ; 12.154 ; 12.154 ; 12.154 ; 12.154 ;
; a[1]       ; zero        ; 13.660 ; 13.660 ; 13.660 ; 13.660 ;
; a[2]       ; cout        ; 13.169 ; 13.169 ; 13.169 ; 13.169 ;
; a[2]       ; overflow    ; 13.147 ; 13.147 ; 13.147 ; 13.147 ;
; a[2]       ; result[0]   ; 14.566 ; 14.566 ; 14.566 ; 14.566 ;
; a[2]       ; result[2]   ; 12.079 ; 12.079 ; 12.079 ; 12.079 ;
; a[2]       ; result[3]   ; 12.966 ; 12.966 ; 12.966 ; 12.966 ;
; a[2]       ; result[4]   ; 12.981 ; 12.981 ; 12.981 ; 12.981 ;
; a[2]       ; result[5]   ; 12.616 ; 12.616 ; 12.616 ; 12.616 ;
; a[2]       ; result[6]   ; 12.615 ; 12.615 ; 12.615 ; 12.615 ;
; a[2]       ; result[7]   ; 13.431 ; 13.431 ; 13.431 ; 13.431 ;
; a[2]       ; zero        ; 14.937 ; 14.937 ; 14.937 ; 14.937 ;
; a[3]       ; cout        ; 12.480 ; 12.480 ; 12.480 ; 12.480 ;
; a[3]       ; overflow    ; 12.458 ; 12.458 ; 12.458 ; 12.458 ;
; a[3]       ; result[0]   ; 13.877 ; 13.877 ; 13.877 ; 13.877 ;
; a[3]       ; result[3]   ; 11.961 ; 11.961 ; 11.961 ; 11.961 ;
; a[3]       ; result[4]   ; 12.292 ; 12.292 ; 12.292 ; 12.292 ;
; a[3]       ; result[5]   ; 11.927 ; 11.927 ; 11.927 ; 11.927 ;
; a[3]       ; result[6]   ; 11.926 ; 11.926 ; 11.926 ; 11.926 ;
; a[3]       ; result[7]   ; 12.742 ; 12.742 ; 12.742 ; 12.742 ;
; a[3]       ; zero        ; 14.248 ; 14.248 ; 14.248 ; 14.248 ;
; a[4]       ; cout        ; 12.109 ; 12.109 ; 12.109 ; 12.109 ;
; a[4]       ; overflow    ; 12.087 ; 12.087 ; 12.087 ; 12.087 ;
; a[4]       ; result[0]   ; 13.506 ; 13.506 ; 13.506 ; 13.506 ;
; a[4]       ; result[4]   ; 11.609 ; 11.609 ; 11.609 ; 11.609 ;
; a[4]       ; result[5]   ; 11.556 ; 11.556 ; 11.556 ; 11.556 ;
; a[4]       ; result[6]   ; 11.555 ; 11.555 ; 11.555 ; 11.555 ;
; a[4]       ; result[7]   ; 12.371 ; 12.371 ; 12.371 ; 12.371 ;
; a[4]       ; zero        ; 13.877 ; 13.877 ; 13.877 ; 13.877 ;
; a[5]       ; cout        ; 11.957 ; 11.957 ; 11.957 ; 11.957 ;
; a[5]       ; overflow    ; 11.935 ; 11.935 ; 11.935 ; 11.935 ;
; a[5]       ; result[0]   ; 13.354 ; 13.354 ; 13.354 ; 13.354 ;
; a[5]       ; result[5]   ; 11.084 ; 11.084 ; 11.084 ; 11.084 ;
; a[5]       ; result[6]   ; 11.403 ; 11.403 ; 11.403 ; 11.403 ;
; a[5]       ; result[7]   ; 12.219 ; 12.219 ; 12.219 ; 12.219 ;
; a[5]       ; zero        ; 13.725 ; 13.725 ; 13.725 ; 13.725 ;
; a[6]       ; cout        ; 12.296 ; 12.296 ; 12.296 ; 12.296 ;
; a[6]       ; overflow    ; 12.274 ; 12.274 ; 12.274 ; 12.274 ;
; a[6]       ; result[0]   ; 13.693 ; 13.693 ; 13.693 ; 13.693 ;
; a[6]       ; result[6]   ; 11.427 ; 11.427 ; 11.427 ; 11.427 ;
; a[6]       ; result[7]   ; 12.558 ; 12.558 ; 12.558 ; 12.558 ;
; a[6]       ; zero        ; 14.064 ; 14.064 ; 14.064 ; 14.064 ;
; a[7]       ; cout        ; 6.465  ; 6.465  ; 6.465  ; 6.465  ;
; a[7]       ; overflow    ; 6.442  ; 6.442  ; 6.442  ; 6.442  ;
; a[7]       ; result[0]   ; 7.862  ; 7.862  ; 7.862  ; 7.862  ;
; a[7]       ; result[7]   ; 7.244  ; 7.244  ; 7.244  ; 7.244  ;
; a[7]       ; zero        ; 8.482  ; 8.482  ; 8.482  ; 8.482  ;
; b[0]       ; cout        ; 13.331 ; 13.331 ; 13.331 ; 13.331 ;
; b[0]       ; overflow    ; 13.309 ; 13.309 ; 13.309 ; 13.309 ;
; b[0]       ; result[0]   ; 14.728 ; 14.728 ; 14.728 ; 14.728 ;
; b[0]       ; result[1]   ; 12.212 ; 12.212 ; 12.212 ; 12.212 ;
; b[0]       ; result[2]   ; 12.553 ; 12.553 ; 12.553 ; 12.553 ;
; b[0]       ; result[3]   ; 13.128 ; 13.128 ; 13.128 ; 13.128 ;
; b[0]       ; result[4]   ; 13.143 ; 13.143 ; 13.143 ; 13.143 ;
; b[0]       ; result[5]   ; 12.778 ; 12.778 ; 12.778 ; 12.778 ;
; b[0]       ; result[6]   ; 12.777 ; 12.777 ; 12.777 ; 12.777 ;
; b[0]       ; result[7]   ; 13.593 ; 13.593 ; 13.593 ; 13.593 ;
; b[0]       ; zero        ; 15.099 ; 15.099 ; 15.099 ; 15.099 ;
; b[1]       ; cout        ; 12.664 ; 12.664 ; 12.664 ; 12.664 ;
; b[1]       ; overflow    ; 12.642 ; 12.642 ; 12.642 ; 12.642 ;
; b[1]       ; result[0]   ; 14.061 ; 14.061 ; 14.061 ; 14.061 ;
; b[1]       ; result[1]   ; 11.544 ; 11.544 ; 11.544 ; 11.544 ;
; b[1]       ; result[2]   ; 11.886 ; 11.886 ; 11.886 ; 11.886 ;
; b[1]       ; result[3]   ; 12.461 ; 12.461 ; 12.461 ; 12.461 ;
; b[1]       ; result[4]   ; 12.476 ; 12.476 ; 12.476 ; 12.476 ;
; b[1]       ; result[5]   ; 12.111 ; 12.111 ; 12.111 ; 12.111 ;
; b[1]       ; result[6]   ; 12.110 ; 12.110 ; 12.110 ; 12.110 ;
; b[1]       ; result[7]   ; 12.926 ; 12.926 ; 12.926 ; 12.926 ;
; b[1]       ; zero        ; 14.432 ; 14.432 ; 14.432 ; 14.432 ;
; b[2]       ; cout        ; 13.095 ; 13.095 ; 13.095 ; 13.095 ;
; b[2]       ; overflow    ; 13.073 ; 13.073 ; 13.073 ; 13.073 ;
; b[2]       ; result[0]   ; 14.492 ; 14.492 ; 14.492 ; 14.492 ;
; b[2]       ; result[2]   ; 12.002 ; 12.002 ; 12.002 ; 12.002 ;
; b[2]       ; result[3]   ; 12.892 ; 12.892 ; 12.892 ; 12.892 ;
; b[2]       ; result[4]   ; 12.907 ; 12.907 ; 12.907 ; 12.907 ;
; b[2]       ; result[5]   ; 12.542 ; 12.542 ; 12.542 ; 12.542 ;
; b[2]       ; result[6]   ; 12.541 ; 12.541 ; 12.541 ; 12.541 ;
; b[2]       ; result[7]   ; 13.357 ; 13.357 ; 13.357 ; 13.357 ;
; b[2]       ; zero        ; 14.863 ; 14.863 ; 14.863 ; 14.863 ;
; b[3]       ; cout        ; 12.809 ; 12.809 ; 12.809 ; 12.809 ;
; b[3]       ; overflow    ; 12.787 ; 12.787 ; 12.787 ; 12.787 ;
; b[3]       ; result[0]   ; 14.206 ; 14.206 ; 14.206 ; 14.206 ;
; b[3]       ; result[3]   ; 12.291 ; 12.291 ; 12.291 ; 12.291 ;
; b[3]       ; result[4]   ; 12.621 ; 12.621 ; 12.621 ; 12.621 ;
; b[3]       ; result[5]   ; 12.256 ; 12.256 ; 12.256 ; 12.256 ;
; b[3]       ; result[6]   ; 12.255 ; 12.255 ; 12.255 ; 12.255 ;
; b[3]       ; result[7]   ; 13.071 ; 13.071 ; 13.071 ; 13.071 ;
; b[3]       ; zero        ; 14.577 ; 14.577 ; 14.577 ; 14.577 ;
; b[4]       ; cout        ; 12.001 ; 12.001 ; 12.001 ; 12.001 ;
; b[4]       ; overflow    ; 11.979 ; 11.979 ; 11.979 ; 11.979 ;
; b[4]       ; result[0]   ; 13.398 ; 13.398 ; 13.398 ; 13.398 ;
; b[4]       ; result[4]   ; 11.498 ; 11.498 ; 11.498 ; 11.498 ;
; b[4]       ; result[5]   ; 11.448 ; 11.448 ; 11.448 ; 11.448 ;
; b[4]       ; result[6]   ; 11.447 ; 11.447 ; 11.447 ; 11.447 ;
; b[4]       ; result[7]   ; 12.263 ; 12.263 ; 12.263 ; 12.263 ;
; b[4]       ; zero        ; 13.769 ; 13.769 ; 13.769 ; 13.769 ;
; b[5]       ; cout        ; 12.694 ; 12.694 ; 12.694 ; 12.694 ;
; b[5]       ; overflow    ; 12.672 ; 12.672 ; 12.672 ; 12.672 ;
; b[5]       ; result[0]   ; 14.091 ; 14.091 ; 14.091 ; 14.091 ;
; b[5]       ; result[5]   ; 12.083 ; 12.083 ; 12.083 ; 12.083 ;
; b[5]       ; result[6]   ; 12.140 ; 12.140 ; 12.140 ; 12.140 ;
; b[5]       ; result[7]   ; 12.956 ; 12.956 ; 12.956 ; 12.956 ;
; b[5]       ; zero        ; 14.462 ; 14.462 ; 14.462 ; 14.462 ;
; b[6]       ; cout        ; 12.258 ; 12.258 ; 12.258 ; 12.258 ;
; b[6]       ; overflow    ; 12.236 ; 12.236 ; 12.236 ; 12.236 ;
; b[6]       ; result[0]   ; 13.655 ; 13.655 ; 13.655 ; 13.655 ;
; b[6]       ; result[6]   ; 11.392 ; 11.392 ; 11.392 ; 11.392 ;
; b[6]       ; result[7]   ; 12.520 ; 12.520 ; 12.520 ; 12.520 ;
; b[6]       ; zero        ; 14.026 ; 14.026 ; 14.026 ; 14.026 ;
; b[7]       ; cout        ; 10.589 ; 10.589 ; 10.589 ; 10.589 ;
; b[7]       ; overflow    ; 10.569 ; 10.569 ; 10.569 ; 10.569 ;
; b[7]       ; result[0]   ; 11.986 ; 11.986 ; 11.986 ; 11.986 ;
; b[7]       ; result[7]   ; 11.137 ; 11.137 ; 11.137 ; 11.137 ;
; b[7]       ; zero        ; 12.375 ; 12.375 ; 12.375 ; 12.375 ;
; op[0]      ; result[0]   ; 10.226 ; 10.200 ; 10.200 ; 10.226 ;
; op[0]      ; result[1]   ; 10.229 ; 9.842  ; 9.842  ; 10.229 ;
; op[0]      ; result[2]   ; 10.170 ; 9.450  ; 9.450  ; 10.170 ;
; op[0]      ; result[3]   ; 10.469 ; 10.090 ; 10.090 ; 10.469 ;
; op[0]      ; result[4]   ; 10.573 ; 10.042 ; 10.042 ; 10.573 ;
; op[0]      ; result[5]   ; 10.765 ; 9.701  ; 9.701  ; 10.765 ;
; op[0]      ; result[6]   ; 10.172 ; 9.503  ; 9.503  ; 10.172 ;
; op[0]      ; result[7]   ; 9.552  ; 9.552  ; 9.552  ; 9.552  ;
; op[0]      ; zero        ; 12.323 ; 12.710 ; 12.710 ; 12.323 ;
; op[1]      ; result[0]   ; 9.942  ; 9.238  ; 9.238  ; 9.942  ;
; op[1]      ; result[1]   ; 9.514  ; 9.514  ; 9.514  ; 9.514  ;
; op[1]      ; result[2]   ; 9.578  ; 9.578  ; 9.578  ; 9.578  ;
; op[1]      ; result[3]   ; 9.810  ; 9.810  ; 9.810  ; 9.810  ;
; op[1]      ; result[4]   ; 9.761  ; 9.761  ; 9.761  ; 9.761  ;
; op[1]      ; result[5]   ; 9.520  ; 9.520  ; 9.520  ; 9.520  ;
; op[1]      ; result[6]   ; 9.315  ; 9.315  ; 9.315  ; 9.315  ;
; op[1]      ; result[7]   ; 10.200 ; 10.200 ; 10.200 ; 10.200 ;
; op[1]      ; zero        ; 11.995 ; 11.995 ; 11.995 ; 11.995 ;
; op[2]      ; cout        ; 12.950 ; 12.950 ; 12.950 ; 12.950 ;
; op[2]      ; overflow    ; 12.928 ; 12.928 ; 12.928 ; 12.928 ;
; op[2]      ; result[0]   ; 14.347 ; 14.347 ; 14.347 ; 14.347 ;
; op[2]      ; result[1]   ; 11.313 ; 11.313 ; 11.313 ; 11.313 ;
; op[2]      ; result[2]   ; 11.857 ; 11.857 ; 11.857 ; 11.857 ;
; op[2]      ; result[3]   ; 12.747 ; 12.747 ; 12.747 ; 12.747 ;
; op[2]      ; result[4]   ; 12.762 ; 12.762 ; 12.762 ; 12.762 ;
; op[2]      ; result[5]   ; 12.397 ; 12.397 ; 12.397 ; 12.397 ;
; op[2]      ; result[6]   ; 12.396 ; 12.396 ; 12.396 ; 12.396 ;
; op[2]      ; result[7]   ; 13.212 ; 13.212 ; 13.212 ; 13.212 ;
; op[2]      ; zero        ; 14.718 ; 14.718 ; 14.718 ; 14.718 ;
; op[3]      ; cout        ; 9.523  ; 9.523  ; 9.523  ; 9.523  ;
; op[3]      ; overflow    ; 9.501  ; 9.501  ; 9.501  ; 9.501  ;
; op[3]      ; result[0]   ; 10.920 ; 10.920 ; 10.920 ; 10.920 ;
; op[3]      ; result[1]   ; 8.404  ; 8.404  ; 8.404  ; 8.404  ;
; op[3]      ; result[2]   ; 8.745  ; 8.745  ; 8.745  ; 8.745  ;
; op[3]      ; result[3]   ; 9.320  ; 9.320  ; 9.320  ; 9.320  ;
; op[3]      ; result[4]   ; 9.335  ; 9.335  ; 9.335  ; 9.335  ;
; op[3]      ; result[5]   ; 8.970  ; 8.970  ; 8.970  ; 8.970  ;
; op[3]      ; result[6]   ; 8.969  ; 8.969  ; 8.969  ; 8.969  ;
; op[3]      ; result[7]   ; 9.785  ; 9.785  ; 9.785  ; 9.785  ;
; op[3]      ; zero        ; 11.291 ; 11.291 ; 11.291 ; 11.291 ;
+------------+-------------+--------+--------+--------+--------+


+--------------------------------------------------------------+
; Minimum Propagation Delay                                    ;
+------------+-------------+--------+--------+--------+--------+
; Input Port ; Output Port ; RR     ; RF     ; FR     ; FF     ;
+------------+-------------+--------+--------+--------+--------+
; a[0]       ; cout        ; 13.045 ; 13.045 ; 13.045 ; 13.045 ;
; a[0]       ; overflow    ; 13.023 ; 13.023 ; 13.023 ; 13.023 ;
; a[0]       ; result[0]   ; 10.224 ; 10.224 ; 10.224 ; 10.224 ;
; a[0]       ; result[1]   ; 11.926 ; 11.926 ; 11.926 ; 11.926 ;
; a[0]       ; result[2]   ; 12.267 ; 12.267 ; 12.267 ; 12.267 ;
; a[0]       ; result[3]   ; 12.842 ; 12.842 ; 12.842 ; 12.842 ;
; a[0]       ; result[4]   ; 12.857 ; 12.857 ; 12.857 ; 12.857 ;
; a[0]       ; result[5]   ; 12.492 ; 12.492 ; 12.492 ; 12.492 ;
; a[0]       ; result[6]   ; 12.491 ; 12.491 ; 12.491 ; 12.491 ;
; a[0]       ; result[7]   ; 13.307 ; 13.307 ; 13.307 ; 13.307 ;
; a[0]       ; zero        ; 11.317 ; 11.317 ; 11.317 ; 11.317 ;
; a[1]       ; cout        ; 11.892 ; 11.892 ; 11.892 ; 11.892 ;
; a[1]       ; overflow    ; 11.870 ; 11.870 ; 11.870 ; 11.870 ;
; a[1]       ; result[0]   ; 13.289 ; 13.289 ; 13.289 ; 13.289 ;
; a[1]       ; result[1]   ; 10.535 ; 10.535 ; 10.535 ; 10.535 ;
; a[1]       ; result[2]   ; 11.114 ; 11.114 ; 11.114 ; 11.114 ;
; a[1]       ; result[3]   ; 11.689 ; 11.689 ; 11.689 ; 11.689 ;
; a[1]       ; result[4]   ; 11.704 ; 11.704 ; 11.704 ; 11.704 ;
; a[1]       ; result[5]   ; 11.339 ; 11.339 ; 11.339 ; 11.339 ;
; a[1]       ; result[6]   ; 11.338 ; 11.338 ; 11.338 ; 11.338 ;
; a[1]       ; result[7]   ; 12.154 ; 12.154 ; 12.154 ; 12.154 ;
; a[1]       ; zero        ; 12.405 ; 12.405 ; 12.405 ; 12.405 ;
; a[2]       ; cout        ; 13.169 ; 13.169 ; 13.169 ; 13.169 ;
; a[2]       ; overflow    ; 13.147 ; 13.147 ; 13.147 ; 13.147 ;
; a[2]       ; result[0]   ; 14.566 ; 14.566 ; 14.566 ; 14.566 ;
; a[2]       ; result[2]   ; 10.679 ; 10.679 ; 10.679 ; 10.679 ;
; a[2]       ; result[3]   ; 12.966 ; 12.966 ; 12.966 ; 12.966 ;
; a[2]       ; result[4]   ; 12.981 ; 12.981 ; 12.981 ; 12.981 ;
; a[2]       ; result[5]   ; 12.616 ; 12.616 ; 12.616 ; 12.616 ;
; a[2]       ; result[6]   ; 12.615 ; 12.615 ; 12.615 ; 12.615 ;
; a[2]       ; result[7]   ; 13.431 ; 13.431 ; 13.431 ; 13.431 ;
; a[2]       ; zero        ; 12.486 ; 12.486 ; 12.486 ; 12.486 ;
; a[3]       ; cout        ; 12.480 ; 12.480 ; 12.480 ; 12.480 ;
; a[3]       ; overflow    ; 12.458 ; 12.458 ; 12.458 ; 12.458 ;
; a[3]       ; result[0]   ; 13.877 ; 13.877 ; 13.877 ; 13.877 ;
; a[3]       ; result[3]   ; 10.732 ; 10.732 ; 10.732 ; 10.732 ;
; a[3]       ; result[4]   ; 12.292 ; 12.292 ; 12.292 ; 12.292 ;
; a[3]       ; result[5]   ; 11.927 ; 11.927 ; 11.927 ; 11.927 ;
; a[3]       ; result[6]   ; 11.926 ; 11.926 ; 11.926 ; 11.926 ;
; a[3]       ; result[7]   ; 12.742 ; 12.742 ; 12.742 ; 12.742 ;
; a[3]       ; zero        ; 11.729 ; 11.729 ; 11.729 ; 11.729 ;
; a[4]       ; cout        ; 12.109 ; 12.109 ; 12.109 ; 12.109 ;
; a[4]       ; overflow    ; 12.087 ; 12.087 ; 12.087 ; 12.087 ;
; a[4]       ; result[0]   ; 13.506 ; 13.506 ; 13.506 ; 13.506 ;
; a[4]       ; result[4]   ; 10.366 ; 10.366 ; 10.366 ; 10.366 ;
; a[4]       ; result[5]   ; 11.556 ; 11.556 ; 11.556 ; 11.556 ;
; a[4]       ; result[6]   ; 11.555 ; 11.555 ; 11.555 ; 11.555 ;
; a[4]       ; result[7]   ; 12.371 ; 12.371 ; 12.371 ; 12.371 ;
; a[4]       ; zero        ; 11.280 ; 11.280 ; 11.280 ; 11.280 ;
; a[5]       ; cout        ; 11.957 ; 11.957 ; 11.957 ; 11.957 ;
; a[5]       ; overflow    ; 11.935 ; 11.935 ; 11.935 ; 11.935 ;
; a[5]       ; result[0]   ; 13.354 ; 13.354 ; 13.354 ; 13.354 ;
; a[5]       ; result[5]   ; 10.681 ; 10.681 ; 10.681 ; 10.681 ;
; a[5]       ; result[6]   ; 11.403 ; 11.403 ; 11.403 ; 11.403 ;
; a[5]       ; result[7]   ; 12.219 ; 12.219 ; 12.219 ; 12.219 ;
; a[5]       ; zero        ; 11.747 ; 11.747 ; 11.747 ; 11.747 ;
; a[6]       ; cout        ; 12.296 ; 12.296 ; 12.296 ; 12.296 ;
; a[6]       ; overflow    ; 12.274 ; 12.274 ; 12.274 ; 12.274 ;
; a[6]       ; result[0]   ; 13.693 ; 13.693 ; 13.693 ; 13.693 ;
; a[6]       ; result[6]   ; 10.684 ; 10.684 ; 10.684 ; 10.684 ;
; a[6]       ; result[7]   ; 12.558 ; 12.558 ; 12.558 ; 12.558 ;
; a[6]       ; zero        ; 12.006 ; 12.006 ; 12.006 ; 12.006 ;
; a[7]       ; cout        ; 6.465  ; 6.465  ; 6.465  ; 6.465  ;
; a[7]       ; overflow    ; 6.442  ; 6.442  ; 6.442  ; 6.442  ;
; a[7]       ; result[0]   ; 7.255  ; 7.255  ; 7.255  ; 7.255  ;
; a[7]       ; result[7]   ; 6.822  ; 6.822  ; 6.822  ; 6.822  ;
; a[7]       ; zero        ; 7.626  ; 7.626  ; 7.626  ; 7.626  ;
; b[0]       ; cout        ; 13.331 ; 13.331 ; 13.331 ; 13.331 ;
; b[0]       ; overflow    ; 13.309 ; 13.309 ; 13.309 ; 13.309 ;
; b[0]       ; result[0]   ; 11.408 ; 11.408 ; 11.408 ; 11.408 ;
; b[0]       ; result[1]   ; 12.212 ; 12.212 ; 12.212 ; 12.212 ;
; b[0]       ; result[2]   ; 12.553 ; 12.553 ; 12.553 ; 12.553 ;
; b[0]       ; result[3]   ; 13.128 ; 13.128 ; 13.128 ; 13.128 ;
; b[0]       ; result[4]   ; 13.143 ; 13.143 ; 13.143 ; 13.143 ;
; b[0]       ; result[5]   ; 12.778 ; 12.778 ; 12.778 ; 12.778 ;
; b[0]       ; result[6]   ; 12.777 ; 12.777 ; 12.777 ; 12.777 ;
; b[0]       ; result[7]   ; 13.593 ; 13.593 ; 13.593 ; 13.593 ;
; b[0]       ; zero        ; 12.652 ; 12.652 ; 12.652 ; 12.652 ;
; b[1]       ; cout        ; 12.664 ; 12.664 ; 12.664 ; 12.664 ;
; b[1]       ; overflow    ; 12.642 ; 12.642 ; 12.642 ; 12.642 ;
; b[1]       ; result[0]   ; 14.061 ; 14.061 ; 14.061 ; 14.061 ;
; b[1]       ; result[1]   ; 11.099 ; 11.099 ; 11.099 ; 11.099 ;
; b[1]       ; result[2]   ; 11.886 ; 11.886 ; 11.886 ; 11.886 ;
; b[1]       ; result[3]   ; 12.461 ; 12.461 ; 12.461 ; 12.461 ;
; b[1]       ; result[4]   ; 12.476 ; 12.476 ; 12.476 ; 12.476 ;
; b[1]       ; result[5]   ; 12.111 ; 12.111 ; 12.111 ; 12.111 ;
; b[1]       ; result[6]   ; 12.110 ; 12.110 ; 12.110 ; 12.110 ;
; b[1]       ; result[7]   ; 12.926 ; 12.926 ; 12.926 ; 12.926 ;
; b[1]       ; zero        ; 13.177 ; 13.177 ; 13.177 ; 13.177 ;
; b[2]       ; cout        ; 13.095 ; 13.095 ; 13.095 ; 13.095 ;
; b[2]       ; overflow    ; 13.073 ; 13.073 ; 13.073 ; 13.073 ;
; b[2]       ; result[0]   ; 14.492 ; 14.492 ; 14.492 ; 14.492 ;
; b[2]       ; result[2]   ; 11.465 ; 11.465 ; 11.465 ; 11.465 ;
; b[2]       ; result[3]   ; 12.892 ; 12.892 ; 12.892 ; 12.892 ;
; b[2]       ; result[4]   ; 12.907 ; 12.907 ; 12.907 ; 12.907 ;
; b[2]       ; result[5]   ; 12.542 ; 12.542 ; 12.542 ; 12.542 ;
; b[2]       ; result[6]   ; 12.541 ; 12.541 ; 12.541 ; 12.541 ;
; b[2]       ; result[7]   ; 13.357 ; 13.357 ; 13.357 ; 13.357 ;
; b[2]       ; zero        ; 13.272 ; 13.272 ; 13.272 ; 13.272 ;
; b[3]       ; cout        ; 12.809 ; 12.809 ; 12.809 ; 12.809 ;
; b[3]       ; overflow    ; 12.787 ; 12.787 ; 12.787 ; 12.787 ;
; b[3]       ; result[0]   ; 14.206 ; 14.206 ; 14.206 ; 14.206 ;
; b[3]       ; result[3]   ; 11.636 ; 11.636 ; 11.636 ; 11.636 ;
; b[3]       ; result[4]   ; 12.621 ; 12.621 ; 12.621 ; 12.621 ;
; b[3]       ; result[5]   ; 12.256 ; 12.256 ; 12.256 ; 12.256 ;
; b[3]       ; result[6]   ; 12.255 ; 12.255 ; 12.255 ; 12.255 ;
; b[3]       ; result[7]   ; 13.071 ; 13.071 ; 13.071 ; 13.071 ;
; b[3]       ; zero        ; 12.633 ; 12.633 ; 12.633 ; 12.633 ;
; b[4]       ; cout        ; 12.001 ; 12.001 ; 12.001 ; 12.001 ;
; b[4]       ; overflow    ; 11.979 ; 11.979 ; 11.979 ; 11.979 ;
; b[4]       ; result[0]   ; 13.398 ; 13.398 ; 13.398 ; 13.398 ;
; b[4]       ; result[4]   ; 11.114 ; 11.114 ; 11.114 ; 11.114 ;
; b[4]       ; result[5]   ; 11.448 ; 11.448 ; 11.448 ; 11.448 ;
; b[4]       ; result[6]   ; 11.447 ; 11.447 ; 11.447 ; 11.447 ;
; b[4]       ; result[7]   ; 12.263 ; 12.263 ; 12.263 ; 12.263 ;
; b[4]       ; zero        ; 12.028 ; 12.028 ; 12.028 ; 12.028 ;
; b[5]       ; cout        ; 12.694 ; 12.694 ; 12.694 ; 12.694 ;
; b[5]       ; overflow    ; 12.672 ; 12.672 ; 12.672 ; 12.672 ;
; b[5]       ; result[0]   ; 14.091 ; 14.091 ; 14.091 ; 14.091 ;
; b[5]       ; result[5]   ; 11.824 ; 11.824 ; 11.824 ; 11.824 ;
; b[5]       ; result[6]   ; 12.140 ; 12.140 ; 12.140 ; 12.140 ;
; b[5]       ; result[7]   ; 12.956 ; 12.956 ; 12.956 ; 12.956 ;
; b[5]       ; zero        ; 12.890 ; 12.890 ; 12.890 ; 12.890 ;
; b[6]       ; cout        ; 12.258 ; 12.258 ; 12.258 ; 12.258 ;
; b[6]       ; overflow    ; 12.236 ; 12.236 ; 12.236 ; 12.236 ;
; b[6]       ; result[0]   ; 13.655 ; 13.655 ; 13.655 ; 13.655 ;
; b[6]       ; result[6]   ; 11.358 ; 11.358 ; 11.358 ; 11.358 ;
; b[6]       ; result[7]   ; 12.520 ; 12.520 ; 12.520 ; 12.520 ;
; b[6]       ; zero        ; 12.680 ; 12.680 ; 12.680 ; 12.680 ;
; b[7]       ; cout        ; 10.589 ; 10.589 ; 10.589 ; 10.589 ;
; b[7]       ; overflow    ; 10.569 ; 10.569 ; 10.569 ; 10.569 ;
; b[7]       ; result[0]   ; 11.148 ; 11.148 ; 11.148 ; 11.148 ;
; b[7]       ; result[7]   ; 10.446 ; 10.446 ; 10.446 ; 10.446 ;
; b[7]       ; zero        ; 11.519 ; 11.519 ; 11.519 ; 11.519 ;
; op[0]      ; result[0]   ; 9.919  ; 10.200 ; 10.200 ; 9.919  ;
; op[0]      ; result[1]   ; 10.229 ; 9.842  ; 9.842  ; 10.229 ;
; op[0]      ; result[2]   ; 10.170 ; 9.450  ; 9.450  ; 10.170 ;
; op[0]      ; result[3]   ; 10.469 ; 10.090 ; 10.090 ; 10.469 ;
; op[0]      ; result[4]   ; 10.573 ; 10.042 ; 10.042 ; 10.573 ;
; op[0]      ; result[5]   ; 10.765 ; 9.701  ; 9.701  ; 10.765 ;
; op[0]      ; result[6]   ; 10.172 ; 9.503  ; 9.503  ; 10.172 ;
; op[0]      ; result[7]   ; 9.552  ; 9.552  ; 9.552  ; 9.552  ;
; op[0]      ; zero        ; 10.767 ; 10.597 ; 10.597 ; 10.767 ;
; op[1]      ; result[0]   ; 9.925  ; 9.238  ; 9.238  ; 9.925  ;
; op[1]      ; result[1]   ; 9.514  ; 9.514  ; 9.514  ; 9.514  ;
; op[1]      ; result[2]   ; 9.578  ; 9.578  ; 9.578  ; 9.578  ;
; op[1]      ; result[3]   ; 9.810  ; 9.810  ; 9.810  ; 9.810  ;
; op[1]      ; result[4]   ; 9.761  ; 9.761  ; 9.761  ; 9.761  ;
; op[1]      ; result[5]   ; 9.520  ; 9.520  ; 9.520  ; 9.520  ;
; op[1]      ; result[6]   ; 9.315  ; 9.315  ; 9.315  ; 9.315  ;
; op[1]      ; result[7]   ; 9.241  ; 9.241  ; 9.241  ; 9.241  ;
; op[1]      ; zero        ; 10.479 ; 10.313 ; 10.313 ; 10.479 ;
; op[2]      ; cout        ; 9.943  ; 9.943  ; 9.943  ; 9.943  ;
; op[2]      ; overflow    ; 9.923  ; 9.923  ; 9.923  ; 9.923  ;
; op[2]      ; result[0]   ; 10.660 ; 10.660 ; 10.660 ; 10.660 ;
; op[2]      ; result[1]   ; 10.837 ; 10.837 ; 10.837 ; 10.837 ;
; op[2]      ; result[2]   ; 11.320 ; 11.320 ; 11.320 ; 11.320 ;
; op[2]      ; result[3]   ; 11.731 ; 11.731 ; 11.731 ; 11.731 ;
; op[2]      ; result[4]   ; 11.734 ; 11.734 ; 11.734 ; 11.734 ;
; op[2]      ; result[5]   ; 11.466 ; 11.466 ; 11.466 ; 11.466 ;
; op[2]      ; result[6]   ; 11.061 ; 11.061 ; 11.061 ; 11.061 ;
; op[2]      ; result[7]   ; 9.978  ; 9.978  ; 9.978  ; 9.978  ;
; op[2]      ; zero        ; 11.187 ; 11.187 ; 11.187 ; 11.187 ;
; op[3]      ; cout        ; 6.454  ; 6.454  ; 6.454  ; 6.454  ;
; op[3]      ; overflow    ; 6.432  ; 6.432  ; 6.432  ; 6.432  ;
; op[3]      ; result[0]   ; 6.871  ; 6.871  ; 6.871  ; 6.871  ;
; op[3]      ; result[1]   ; 7.135  ; 7.135  ; 7.135  ; 7.135  ;
; op[3]      ; result[2]   ; 6.658  ; 6.658  ; 6.658  ; 6.658  ;
; op[3]      ; result[3]   ; 7.370  ; 7.370  ; 7.370  ; 7.370  ;
; op[3]      ; result[4]   ; 7.047  ; 7.047  ; 7.047  ; 7.047  ;
; op[3]      ; result[5]   ; 7.370  ; 7.370  ; 7.370  ; 7.370  ;
; op[3]      ; result[6]   ; 7.080  ; 7.080  ; 7.080  ; 7.080  ;
; op[3]      ; result[7]   ; 6.595  ; 6.595  ; 6.595  ; 6.595  ;
; op[3]      ; zero        ; 7.833  ; 7.833  ; 7.833  ; 7.833  ;
+------------+-------------+--------+--------+--------+--------+


----------------------------
; Fast Model Setup Summary ;
----------------------------
No paths to report.


---------------------------
; Fast Model Hold Summary ;
---------------------------
No paths to report.


-------------------------------
; Fast Model Recovery Summary ;
-------------------------------
No paths to report.


------------------------------
; Fast Model Removal Summary ;
------------------------------
No paths to report.


------------------------------------------
; Fast Model Minimum Pulse Width Summary ;
------------------------------------------
No paths to report.


+----------------------------------------------------------+
; Propagation Delay                                        ;
+------------+-------------+-------+-------+-------+-------+
; Input Port ; Output Port ; RR    ; RF    ; FR    ; FF    ;
+------------+-------------+-------+-------+-------+-------+
; a[0]       ; cout        ; 6.881 ; 6.881 ; 6.881 ; 6.881 ;
; a[0]       ; overflow    ; 6.866 ; 6.866 ; 6.866 ; 6.866 ;
; a[0]       ; result[0]   ; 7.445 ; 7.445 ; 7.445 ; 7.445 ;
; a[0]       ; result[1]   ; 6.374 ; 6.374 ; 6.374 ; 6.374 ;
; a[0]       ; result[2]   ; 6.481 ; 6.481 ; 6.481 ; 6.481 ;
; a[0]       ; result[3]   ; 6.763 ; 6.763 ; 6.763 ; 6.763 ;
; a[0]       ; result[4]   ; 6.754 ; 6.754 ; 6.754 ; 6.754 ;
; a[0]       ; result[5]   ; 6.611 ; 6.611 ; 6.611 ; 6.611 ;
; a[0]       ; result[6]   ; 6.632 ; 6.632 ; 6.632 ; 6.632 ;
; a[0]       ; result[7]   ; 6.966 ; 6.966 ; 6.966 ; 6.966 ;
; a[0]       ; zero        ; 7.648 ; 7.648 ; 7.648 ; 7.648 ;
; a[1]       ; cout        ; 6.390 ; 6.390 ; 6.390 ; 6.390 ;
; a[1]       ; overflow    ; 6.375 ; 6.375 ; 6.375 ; 6.375 ;
; a[1]       ; result[0]   ; 6.954 ; 6.954 ; 6.954 ; 6.954 ;
; a[1]       ; result[1]   ; 5.988 ; 5.988 ; 5.988 ; 5.988 ;
; a[1]       ; result[2]   ; 5.990 ; 5.990 ; 5.990 ; 5.990 ;
; a[1]       ; result[3]   ; 6.272 ; 6.272 ; 6.272 ; 6.272 ;
; a[1]       ; result[4]   ; 6.263 ; 6.263 ; 6.263 ; 6.263 ;
; a[1]       ; result[5]   ; 6.120 ; 6.120 ; 6.120 ; 6.120 ;
; a[1]       ; result[6]   ; 6.141 ; 6.141 ; 6.141 ; 6.141 ;
; a[1]       ; result[7]   ; 6.475 ; 6.475 ; 6.475 ; 6.475 ;
; a[1]       ; zero        ; 7.157 ; 7.157 ; 7.157 ; 7.157 ;
; a[2]       ; cout        ; 6.977 ; 6.977 ; 6.977 ; 6.977 ;
; a[2]       ; overflow    ; 6.962 ; 6.962 ; 6.962 ; 6.962 ;
; a[2]       ; result[0]   ; 7.541 ; 7.541 ; 7.541 ; 7.541 ;
; a[2]       ; result[2]   ; 6.474 ; 6.474 ; 6.474 ; 6.474 ;
; a[2]       ; result[3]   ; 6.859 ; 6.859 ; 6.859 ; 6.859 ;
; a[2]       ; result[4]   ; 6.850 ; 6.850 ; 6.850 ; 6.850 ;
; a[2]       ; result[5]   ; 6.707 ; 6.707 ; 6.707 ; 6.707 ;
; a[2]       ; result[6]   ; 6.728 ; 6.728 ; 6.728 ; 6.728 ;
; a[2]       ; result[7]   ; 7.062 ; 7.062 ; 7.062 ; 7.062 ;
; a[2]       ; zero        ; 7.744 ; 7.744 ; 7.744 ; 7.744 ;
; a[3]       ; cout        ; 6.620 ; 6.620 ; 6.620 ; 6.620 ;
; a[3]       ; overflow    ; 6.605 ; 6.605 ; 6.605 ; 6.605 ;
; a[3]       ; result[0]   ; 7.184 ; 7.184 ; 7.184 ; 7.184 ;
; a[3]       ; result[3]   ; 6.399 ; 6.399 ; 6.399 ; 6.399 ;
; a[3]       ; result[4]   ; 6.493 ; 6.493 ; 6.493 ; 6.493 ;
; a[3]       ; result[5]   ; 6.350 ; 6.350 ; 6.350 ; 6.350 ;
; a[3]       ; result[6]   ; 6.371 ; 6.371 ; 6.371 ; 6.371 ;
; a[3]       ; result[7]   ; 6.705 ; 6.705 ; 6.705 ; 6.705 ;
; a[3]       ; zero        ; 7.387 ; 7.387 ; 7.387 ; 7.387 ;
; a[4]       ; cout        ; 6.440 ; 6.440 ; 6.440 ; 6.440 ;
; a[4]       ; overflow    ; 6.425 ; 6.425 ; 6.425 ; 6.425 ;
; a[4]       ; result[0]   ; 7.004 ; 7.004 ; 7.004 ; 7.004 ;
; a[4]       ; result[4]   ; 6.210 ; 6.210 ; 6.210 ; 6.210 ;
; a[4]       ; result[5]   ; 6.170 ; 6.170 ; 6.170 ; 6.170 ;
; a[4]       ; result[6]   ; 6.191 ; 6.191 ; 6.191 ; 6.191 ;
; a[4]       ; result[7]   ; 6.525 ; 6.525 ; 6.525 ; 6.525 ;
; a[4]       ; zero        ; 7.207 ; 7.207 ; 7.207 ; 7.207 ;
; a[5]       ; cout        ; 6.392 ; 6.392 ; 6.392 ; 6.392 ;
; a[5]       ; overflow    ; 6.377 ; 6.377 ; 6.377 ; 6.377 ;
; a[5]       ; result[0]   ; 6.956 ; 6.956 ; 6.956 ; 6.956 ;
; a[5]       ; result[5]   ; 6.023 ; 6.023 ; 6.023 ; 6.023 ;
; a[5]       ; result[6]   ; 6.143 ; 6.143 ; 6.143 ; 6.143 ;
; a[5]       ; result[7]   ; 6.477 ; 6.477 ; 6.477 ; 6.477 ;
; a[5]       ; zero        ; 7.159 ; 7.159 ; 7.159 ; 7.159 ;
; a[6]       ; cout        ; 6.557 ; 6.557 ; 6.557 ; 6.557 ;
; a[6]       ; overflow    ; 6.542 ; 6.542 ; 6.542 ; 6.542 ;
; a[6]       ; result[0]   ; 7.121 ; 7.121 ; 7.121 ; 7.121 ;
; a[6]       ; result[6]   ; 6.203 ; 6.203 ; 6.203 ; 6.203 ;
; a[6]       ; result[7]   ; 6.642 ; 6.642 ; 6.642 ; 6.642 ;
; a[6]       ; zero        ; 7.324 ; 7.324 ; 7.324 ; 7.324 ;
; a[7]       ; cout        ; 3.304 ; 3.304 ; 3.304 ; 3.304 ;
; a[7]       ; overflow    ; 3.293 ; 3.293 ; 3.293 ; 3.293 ;
; a[7]       ; result[0]   ; 3.868 ; 3.868 ; 3.868 ; 3.868 ;
; a[7]       ; result[7]   ; 3.616 ; 3.616 ; 3.616 ; 3.616 ;
; a[7]       ; zero        ; 4.174 ; 4.174 ; 4.174 ; 4.174 ;
; b[0]       ; cout        ; 7.028 ; 7.028 ; 7.028 ; 7.028 ;
; b[0]       ; overflow    ; 7.013 ; 7.013 ; 7.013 ; 7.013 ;
; b[0]       ; result[0]   ; 7.592 ; 7.592 ; 7.592 ; 7.592 ;
; b[0]       ; result[1]   ; 6.521 ; 6.521 ; 6.521 ; 6.521 ;
; b[0]       ; result[2]   ; 6.628 ; 6.628 ; 6.628 ; 6.628 ;
; b[0]       ; result[3]   ; 6.910 ; 6.910 ; 6.910 ; 6.910 ;
; b[0]       ; result[4]   ; 6.901 ; 6.901 ; 6.901 ; 6.901 ;
; b[0]       ; result[5]   ; 6.758 ; 6.758 ; 6.758 ; 6.758 ;
; b[0]       ; result[6]   ; 6.779 ; 6.779 ; 6.779 ; 6.779 ;
; b[0]       ; result[7]   ; 7.113 ; 7.113 ; 7.113 ; 7.113 ;
; b[0]       ; zero        ; 7.795 ; 7.795 ; 7.795 ; 7.795 ;
; b[1]       ; cout        ; 6.710 ; 6.710 ; 6.710 ; 6.710 ;
; b[1]       ; overflow    ; 6.695 ; 6.695 ; 6.695 ; 6.695 ;
; b[1]       ; result[0]   ; 7.274 ; 7.274 ; 7.274 ; 7.274 ;
; b[1]       ; result[1]   ; 6.205 ; 6.205 ; 6.205 ; 6.205 ;
; b[1]       ; result[2]   ; 6.310 ; 6.310 ; 6.310 ; 6.310 ;
; b[1]       ; result[3]   ; 6.592 ; 6.592 ; 6.592 ; 6.592 ;
; b[1]       ; result[4]   ; 6.583 ; 6.583 ; 6.583 ; 6.583 ;
; b[1]       ; result[5]   ; 6.440 ; 6.440 ; 6.440 ; 6.440 ;
; b[1]       ; result[6]   ; 6.461 ; 6.461 ; 6.461 ; 6.461 ;
; b[1]       ; result[7]   ; 6.795 ; 6.795 ; 6.795 ; 6.795 ;
; b[1]       ; zero        ; 7.477 ; 7.477 ; 7.477 ; 7.477 ;
; b[2]       ; cout        ; 6.895 ; 6.895 ; 6.895 ; 6.895 ;
; b[2]       ; overflow    ; 6.880 ; 6.880 ; 6.880 ; 6.880 ;
; b[2]       ; result[0]   ; 7.459 ; 7.459 ; 7.459 ; 7.459 ;
; b[2]       ; result[2]   ; 6.390 ; 6.390 ; 6.390 ; 6.390 ;
; b[2]       ; result[3]   ; 6.777 ; 6.777 ; 6.777 ; 6.777 ;
; b[2]       ; result[4]   ; 6.768 ; 6.768 ; 6.768 ; 6.768 ;
; b[2]       ; result[5]   ; 6.625 ; 6.625 ; 6.625 ; 6.625 ;
; b[2]       ; result[6]   ; 6.646 ; 6.646 ; 6.646 ; 6.646 ;
; b[2]       ; result[7]   ; 6.980 ; 6.980 ; 6.980 ; 6.980 ;
; b[2]       ; zero        ; 7.662 ; 7.662 ; 7.662 ; 7.662 ;
; b[3]       ; cout        ; 6.777 ; 6.777 ; 6.777 ; 6.777 ;
; b[3]       ; overflow    ; 6.762 ; 6.762 ; 6.762 ; 6.762 ;
; b[3]       ; result[0]   ; 7.341 ; 7.341 ; 7.341 ; 7.341 ;
; b[3]       ; result[3]   ; 6.554 ; 6.554 ; 6.554 ; 6.554 ;
; b[3]       ; result[4]   ; 6.650 ; 6.650 ; 6.650 ; 6.650 ;
; b[3]       ; result[5]   ; 6.507 ; 6.507 ; 6.507 ; 6.507 ;
; b[3]       ; result[6]   ; 6.528 ; 6.528 ; 6.528 ; 6.528 ;
; b[3]       ; result[7]   ; 6.862 ; 6.862 ; 6.862 ; 6.862 ;
; b[3]       ; zero        ; 7.544 ; 7.544 ; 7.544 ; 7.544 ;
; b[4]       ; cout        ; 6.402 ; 6.402 ; 6.402 ; 6.402 ;
; b[4]       ; overflow    ; 6.387 ; 6.387 ; 6.387 ; 6.387 ;
; b[4]       ; result[0]   ; 6.966 ; 6.966 ; 6.966 ; 6.966 ;
; b[4]       ; result[4]   ; 6.170 ; 6.170 ; 6.170 ; 6.170 ;
; b[4]       ; result[5]   ; 6.132 ; 6.132 ; 6.132 ; 6.132 ;
; b[4]       ; result[6]   ; 6.153 ; 6.153 ; 6.153 ; 6.153 ;
; b[4]       ; result[7]   ; 6.487 ; 6.487 ; 6.487 ; 6.487 ;
; b[4]       ; zero        ; 7.169 ; 7.169 ; 7.169 ; 7.169 ;
; b[5]       ; cout        ; 6.703 ; 6.703 ; 6.703 ; 6.703 ;
; b[5]       ; overflow    ; 6.688 ; 6.688 ; 6.688 ; 6.688 ;
; b[5]       ; result[0]   ; 7.267 ; 7.267 ; 7.267 ; 7.267 ;
; b[5]       ; result[5]   ; 6.442 ; 6.442 ; 6.442 ; 6.442 ;
; b[5]       ; result[6]   ; 6.454 ; 6.454 ; 6.454 ; 6.454 ;
; b[5]       ; result[7]   ; 6.788 ; 6.788 ; 6.788 ; 6.788 ;
; b[5]       ; zero        ; 7.470 ; 7.470 ; 7.470 ; 7.470 ;
; b[6]       ; cout        ; 6.497 ; 6.497 ; 6.497 ; 6.497 ;
; b[6]       ; overflow    ; 6.482 ; 6.482 ; 6.482 ; 6.482 ;
; b[6]       ; result[0]   ; 7.061 ; 7.061 ; 7.061 ; 7.061 ;
; b[6]       ; result[6]   ; 6.145 ; 6.145 ; 6.145 ; 6.145 ;
; b[6]       ; result[7]   ; 6.582 ; 6.582 ; 6.582 ; 6.582 ;
; b[6]       ; zero        ; 7.264 ; 7.264 ; 7.264 ; 7.264 ;
; b[7]       ; cout        ; 5.792 ; 5.792 ; 5.792 ; 5.792 ;
; b[7]       ; overflow    ; 5.782 ; 5.782 ; 5.782 ; 5.782 ;
; b[7]       ; result[0]   ; 6.356 ; 6.356 ; 6.356 ; 6.356 ;
; b[7]       ; result[7]   ; 5.998 ; 5.998 ; 5.998 ; 5.998 ;
; b[7]       ; zero        ; 6.559 ; 6.559 ; 6.559 ; 6.559 ;
; op[0]      ; result[0]   ; 5.626 ; 5.626 ; 5.626 ; 5.626 ;
; op[0]      ; result[1]   ; 5.644 ; 5.500 ; 5.500 ; 5.644 ;
; op[0]      ; result[2]   ; 5.622 ; 5.306 ; 5.306 ; 5.622 ;
; op[0]      ; result[3]   ; 5.754 ; 5.617 ; 5.617 ; 5.754 ;
; op[0]      ; result[4]   ; 5.793 ; 5.577 ; 5.577 ; 5.793 ;
; op[0]      ; result[5]   ; 5.897 ; 5.431 ; 5.431 ; 5.897 ;
; op[0]      ; result[6]   ; 5.626 ; 5.341 ; 5.341 ; 5.626 ;
; op[0]      ; result[7]   ; 5.330 ; 5.330 ; 5.330 ; 5.330 ;
; op[0]      ; zero        ; 6.583 ; 6.727 ; 6.727 ; 6.583 ;
; op[1]      ; result[0]   ; 5.484 ; 5.190 ; 5.190 ; 5.484 ;
; op[1]      ; result[1]   ; 5.332 ; 5.332 ; 5.332 ; 5.332 ;
; op[1]      ; result[2]   ; 5.354 ; 5.354 ; 5.354 ; 5.354 ;
; op[1]      ; result[3]   ; 5.481 ; 5.481 ; 5.481 ; 5.481 ;
; op[1]      ; result[4]   ; 5.438 ; 5.438 ; 5.438 ; 5.438 ;
; op[1]      ; result[5]   ; 5.342 ; 5.342 ; 5.342 ; 5.342 ;
; op[1]      ; result[6]   ; 5.248 ; 5.248 ; 5.248 ; 5.248 ;
; op[1]      ; result[7]   ; 5.590 ; 5.590 ; 5.590 ; 5.590 ;
; op[1]      ; zero        ; 6.415 ; 6.415 ; 6.415 ; 6.415 ;
; op[2]      ; cout        ; 6.825 ; 6.825 ; 6.825 ; 6.825 ;
; op[2]      ; overflow    ; 6.810 ; 6.810 ; 6.810 ; 6.810 ;
; op[2]      ; result[0]   ; 7.389 ; 7.389 ; 7.389 ; 7.389 ;
; op[2]      ; result[1]   ; 6.101 ; 6.101 ; 6.101 ; 6.101 ;
; op[2]      ; result[2]   ; 6.320 ; 6.320 ; 6.320 ; 6.320 ;
; op[2]      ; result[3]   ; 6.707 ; 6.707 ; 6.707 ; 6.707 ;
; op[2]      ; result[4]   ; 6.698 ; 6.698 ; 6.698 ; 6.698 ;
; op[2]      ; result[5]   ; 6.555 ; 6.555 ; 6.555 ; 6.555 ;
; op[2]      ; result[6]   ; 6.576 ; 6.576 ; 6.576 ; 6.576 ;
; op[2]      ; result[7]   ; 6.910 ; 6.910 ; 6.910 ; 6.910 ;
; op[2]      ; zero        ; 7.592 ; 7.592 ; 7.592 ; 7.592 ;
; op[3]      ; cout        ; 4.698 ; 4.698 ; 4.698 ; 4.698 ;
; op[3]      ; overflow    ; 4.683 ; 4.683 ; 4.683 ; 4.683 ;
; op[3]      ; result[0]   ; 5.262 ; 5.262 ; 5.262 ; 5.262 ;
; op[3]      ; result[1]   ; 4.191 ; 4.191 ; 4.191 ; 4.191 ;
; op[3]      ; result[2]   ; 4.298 ; 4.298 ; 4.298 ; 4.298 ;
; op[3]      ; result[3]   ; 4.580 ; 4.580 ; 4.580 ; 4.580 ;
; op[3]      ; result[4]   ; 4.571 ; 4.571 ; 4.571 ; 4.571 ;
; op[3]      ; result[5]   ; 4.428 ; 4.428 ; 4.428 ; 4.428 ;
; op[3]      ; result[6]   ; 4.449 ; 4.449 ; 4.449 ; 4.449 ;
; op[3]      ; result[7]   ; 4.783 ; 4.783 ; 4.783 ; 4.783 ;
; op[3]      ; zero        ; 5.465 ; 5.465 ; 5.465 ; 5.465 ;
+------------+-------------+-------+-------+-------+-------+


+----------------------------------------------------------+
; Minimum Propagation Delay                                ;
+------------+-------------+-------+-------+-------+-------+
; Input Port ; Output Port ; RR    ; RF    ; FR    ; FF    ;
+------------+-------------+-------+-------+-------+-------+
; a[0]       ; cout        ; 6.881 ; 6.881 ; 6.881 ; 6.881 ;
; a[0]       ; overflow    ; 6.866 ; 6.866 ; 6.866 ; 6.866 ;
; a[0]       ; result[0]   ; 5.604 ; 5.604 ; 5.604 ; 5.604 ;
; a[0]       ; result[1]   ; 6.374 ; 6.374 ; 6.374 ; 6.374 ;
; a[0]       ; result[2]   ; 6.481 ; 6.481 ; 6.481 ; 6.481 ;
; a[0]       ; result[3]   ; 6.763 ; 6.763 ; 6.763 ; 6.763 ;
; a[0]       ; result[4]   ; 6.754 ; 6.754 ; 6.754 ; 6.754 ;
; a[0]       ; result[5]   ; 6.611 ; 6.611 ; 6.611 ; 6.611 ;
; a[0]       ; result[6]   ; 6.632 ; 6.632 ; 6.632 ; 6.632 ;
; a[0]       ; result[7]   ; 6.966 ; 6.966 ; 6.966 ; 6.966 ;
; a[0]       ; zero        ; 6.098 ; 6.098 ; 6.098 ; 6.098 ;
; a[1]       ; cout        ; 6.390 ; 6.390 ; 6.390 ; 6.390 ;
; a[1]       ; overflow    ; 6.375 ; 6.375 ; 6.375 ; 6.375 ;
; a[1]       ; result[0]   ; 6.954 ; 6.954 ; 6.954 ; 6.954 ;
; a[1]       ; result[1]   ; 5.771 ; 5.771 ; 5.771 ; 5.771 ;
; a[1]       ; result[2]   ; 5.990 ; 5.990 ; 5.990 ; 5.990 ;
; a[1]       ; result[3]   ; 6.272 ; 6.272 ; 6.272 ; 6.272 ;
; a[1]       ; result[4]   ; 6.263 ; 6.263 ; 6.263 ; 6.263 ;
; a[1]       ; result[5]   ; 6.120 ; 6.120 ; 6.120 ; 6.120 ;
; a[1]       ; result[6]   ; 6.141 ; 6.141 ; 6.141 ; 6.141 ;
; a[1]       ; result[7]   ; 6.475 ; 6.475 ; 6.475 ; 6.475 ;
; a[1]       ; zero        ; 6.564 ; 6.564 ; 6.564 ; 6.564 ;
; a[2]       ; cout        ; 6.977 ; 6.977 ; 6.977 ; 6.977 ;
; a[2]       ; overflow    ; 6.962 ; 6.962 ; 6.962 ; 6.962 ;
; a[2]       ; result[0]   ; 7.541 ; 7.541 ; 7.541 ; 7.541 ;
; a[2]       ; result[2]   ; 5.875 ; 5.875 ; 5.875 ; 5.875 ;
; a[2]       ; result[3]   ; 6.859 ; 6.859 ; 6.859 ; 6.859 ;
; a[2]       ; result[4]   ; 6.850 ; 6.850 ; 6.850 ; 6.850 ;
; a[2]       ; result[5]   ; 6.707 ; 6.707 ; 6.707 ; 6.707 ;
; a[2]       ; result[6]   ; 6.728 ; 6.728 ; 6.728 ; 6.728 ;
; a[2]       ; result[7]   ; 7.062 ; 7.062 ; 7.062 ; 7.062 ;
; a[2]       ; zero        ; 6.636 ; 6.636 ; 6.636 ; 6.636 ;
; a[3]       ; cout        ; 6.620 ; 6.620 ; 6.620 ; 6.620 ;
; a[3]       ; overflow    ; 6.605 ; 6.605 ; 6.605 ; 6.605 ;
; a[3]       ; result[0]   ; 7.184 ; 7.184 ; 7.184 ; 7.184 ;
; a[3]       ; result[3]   ; 5.859 ; 5.859 ; 5.859 ; 5.859 ;
; a[3]       ; result[4]   ; 6.493 ; 6.493 ; 6.493 ; 6.493 ;
; a[3]       ; result[5]   ; 6.350 ; 6.350 ; 6.350 ; 6.350 ;
; a[3]       ; result[6]   ; 6.371 ; 6.371 ; 6.371 ; 6.371 ;
; a[3]       ; result[7]   ; 6.705 ; 6.705 ; 6.705 ; 6.705 ;
; a[3]       ; zero        ; 6.253 ; 6.253 ; 6.253 ; 6.253 ;
; a[4]       ; cout        ; 6.440 ; 6.440 ; 6.440 ; 6.440 ;
; a[4]       ; overflow    ; 6.425 ; 6.425 ; 6.425 ; 6.425 ;
; a[4]       ; result[0]   ; 7.004 ; 7.004 ; 7.004 ; 7.004 ;
; a[4]       ; result[4]   ; 5.663 ; 5.663 ; 5.663 ; 5.663 ;
; a[4]       ; result[5]   ; 6.170 ; 6.170 ; 6.170 ; 6.170 ;
; a[4]       ; result[6]   ; 6.191 ; 6.191 ; 6.191 ; 6.191 ;
; a[4]       ; result[7]   ; 6.525 ; 6.525 ; 6.525 ; 6.525 ;
; a[4]       ; zero        ; 6.035 ; 6.035 ; 6.035 ; 6.035 ;
; a[5]       ; cout        ; 6.392 ; 6.392 ; 6.392 ; 6.392 ;
; a[5]       ; overflow    ; 6.377 ; 6.377 ; 6.377 ; 6.377 ;
; a[5]       ; result[0]   ; 6.956 ; 6.956 ; 6.956 ; 6.956 ;
; a[5]       ; result[5]   ; 5.853 ; 5.853 ; 5.853 ; 5.853 ;
; a[5]       ; result[6]   ; 6.143 ; 6.143 ; 6.143 ; 6.143 ;
; a[5]       ; result[7]   ; 6.477 ; 6.477 ; 6.477 ; 6.477 ;
; a[5]       ; zero        ; 6.297 ; 6.297 ; 6.297 ; 6.297 ;
; a[6]       ; cout        ; 6.557 ; 6.557 ; 6.557 ; 6.557 ;
; a[6]       ; overflow    ; 6.542 ; 6.542 ; 6.542 ; 6.542 ;
; a[6]       ; result[0]   ; 7.121 ; 7.121 ; 7.121 ; 7.121 ;
; a[6]       ; result[6]   ; 5.889 ; 5.889 ; 5.889 ; 5.889 ;
; a[6]       ; result[7]   ; 6.642 ; 6.642 ; 6.642 ; 6.642 ;
; a[6]       ; zero        ; 6.453 ; 6.453 ; 6.453 ; 6.453 ;
; a[7]       ; cout        ; 3.304 ; 3.304 ; 3.304 ; 3.304 ;
; a[7]       ; overflow    ; 3.293 ; 3.293 ; 3.293 ; 3.293 ;
; a[7]       ; result[0]   ; 3.634 ; 3.634 ; 3.634 ; 3.634 ;
; a[7]       ; result[7]   ; 3.413 ; 3.413 ; 3.413 ; 3.413 ;
; a[7]       ; zero        ; 3.837 ; 3.837 ; 3.837 ; 3.837 ;
; b[0]       ; cout        ; 7.028 ; 7.028 ; 7.028 ; 7.028 ;
; b[0]       ; overflow    ; 7.013 ; 7.013 ; 7.013 ; 7.013 ;
; b[0]       ; result[0]   ; 6.167 ; 6.167 ; 6.167 ; 6.167 ;
; b[0]       ; result[1]   ; 6.521 ; 6.521 ; 6.521 ; 6.521 ;
; b[0]       ; result[2]   ; 6.628 ; 6.628 ; 6.628 ; 6.628 ;
; b[0]       ; result[3]   ; 6.910 ; 6.910 ; 6.910 ; 6.910 ;
; b[0]       ; result[4]   ; 6.901 ; 6.901 ; 6.901 ; 6.901 ;
; b[0]       ; result[5]   ; 6.758 ; 6.758 ; 6.758 ; 6.758 ;
; b[0]       ; result[6]   ; 6.779 ; 6.779 ; 6.779 ; 6.779 ;
; b[0]       ; result[7]   ; 7.113 ; 7.113 ; 7.113 ; 7.113 ;
; b[0]       ; zero        ; 6.692 ; 6.692 ; 6.692 ; 6.692 ;
; b[1]       ; cout        ; 6.710 ; 6.710 ; 6.710 ; 6.710 ;
; b[1]       ; overflow    ; 6.695 ; 6.695 ; 6.695 ; 6.695 ;
; b[1]       ; result[0]   ; 7.274 ; 7.274 ; 7.274 ; 7.274 ;
; b[1]       ; result[1]   ; 6.001 ; 6.001 ; 6.001 ; 6.001 ;
; b[1]       ; result[2]   ; 6.310 ; 6.310 ; 6.310 ; 6.310 ;
; b[1]       ; result[3]   ; 6.592 ; 6.592 ; 6.592 ; 6.592 ;
; b[1]       ; result[4]   ; 6.583 ; 6.583 ; 6.583 ; 6.583 ;
; b[1]       ; result[5]   ; 6.440 ; 6.440 ; 6.440 ; 6.440 ;
; b[1]       ; result[6]   ; 6.461 ; 6.461 ; 6.461 ; 6.461 ;
; b[1]       ; result[7]   ; 6.795 ; 6.795 ; 6.795 ; 6.795 ;
; b[1]       ; zero        ; 6.884 ; 6.884 ; 6.884 ; 6.884 ;
; b[2]       ; cout        ; 6.895 ; 6.895 ; 6.895 ; 6.895 ;
; b[2]       ; overflow    ; 6.880 ; 6.880 ; 6.880 ; 6.880 ;
; b[2]       ; result[0]   ; 7.459 ; 7.459 ; 7.459 ; 7.459 ;
; b[2]       ; result[2]   ; 6.161 ; 6.161 ; 6.161 ; 6.161 ;
; b[2]       ; result[3]   ; 6.777 ; 6.777 ; 6.777 ; 6.777 ;
; b[2]       ; result[4]   ; 6.768 ; 6.768 ; 6.768 ; 6.768 ;
; b[2]       ; result[5]   ; 6.625 ; 6.625 ; 6.625 ; 6.625 ;
; b[2]       ; result[6]   ; 6.646 ; 6.646 ; 6.646 ; 6.646 ;
; b[2]       ; result[7]   ; 6.980 ; 6.980 ; 6.980 ; 6.980 ;
; b[2]       ; zero        ; 6.922 ; 6.922 ; 6.922 ; 6.922 ;
; b[3]       ; cout        ; 6.777 ; 6.777 ; 6.777 ; 6.777 ;
; b[3]       ; overflow    ; 6.762 ; 6.762 ; 6.762 ; 6.762 ;
; b[3]       ; result[0]   ; 7.341 ; 7.341 ; 7.341 ; 7.341 ;
; b[3]       ; result[3]   ; 6.249 ; 6.249 ; 6.249 ; 6.249 ;
; b[3]       ; result[4]   ; 6.650 ; 6.650 ; 6.650 ; 6.650 ;
; b[3]       ; result[5]   ; 6.507 ; 6.507 ; 6.507 ; 6.507 ;
; b[3]       ; result[6]   ; 6.528 ; 6.528 ; 6.528 ; 6.528 ;
; b[3]       ; result[7]   ; 6.862 ; 6.862 ; 6.862 ; 6.862 ;
; b[3]       ; zero        ; 6.643 ; 6.643 ; 6.643 ; 6.643 ;
; b[4]       ; cout        ; 6.402 ; 6.402 ; 6.402 ; 6.402 ;
; b[4]       ; overflow    ; 6.387 ; 6.387 ; 6.387 ; 6.387 ;
; b[4]       ; result[0]   ; 6.966 ; 6.966 ; 6.966 ; 6.966 ;
; b[4]       ; result[4]   ; 5.988 ; 5.988 ; 5.988 ; 5.988 ;
; b[4]       ; result[5]   ; 6.132 ; 6.132 ; 6.132 ; 6.132 ;
; b[4]       ; result[6]   ; 6.153 ; 6.153 ; 6.153 ; 6.153 ;
; b[4]       ; result[7]   ; 6.487 ; 6.487 ; 6.487 ; 6.487 ;
; b[4]       ; zero        ; 6.360 ; 6.360 ; 6.360 ; 6.360 ;
; b[5]       ; cout        ; 6.703 ; 6.703 ; 6.703 ; 6.703 ;
; b[5]       ; overflow    ; 6.688 ; 6.688 ; 6.688 ; 6.688 ;
; b[5]       ; result[0]   ; 7.267 ; 7.267 ; 7.267 ; 7.267 ;
; b[5]       ; result[5]   ; 6.333 ; 6.333 ; 6.333 ; 6.333 ;
; b[5]       ; result[6]   ; 6.454 ; 6.454 ; 6.454 ; 6.454 ;
; b[5]       ; result[7]   ; 6.788 ; 6.788 ; 6.788 ; 6.788 ;
; b[5]       ; zero        ; 6.777 ; 6.777 ; 6.777 ; 6.777 ;
; b[6]       ; cout        ; 6.497 ; 6.497 ; 6.497 ; 6.497 ;
; b[6]       ; overflow    ; 6.482 ; 6.482 ; 6.482 ; 6.482 ;
; b[6]       ; result[0]   ; 7.061 ; 7.061 ; 7.061 ; 7.061 ;
; b[6]       ; result[6]   ; 6.129 ; 6.129 ; 6.129 ; 6.129 ;
; b[6]       ; result[7]   ; 6.582 ; 6.582 ; 6.582 ; 6.582 ;
; b[6]       ; zero        ; 6.693 ; 6.693 ; 6.693 ; 6.693 ;
; b[7]       ; cout        ; 5.792 ; 5.792 ; 5.792 ; 5.792 ;
; b[7]       ; overflow    ; 5.782 ; 5.782 ; 5.782 ; 5.782 ;
; b[7]       ; result[0]   ; 6.016 ; 6.016 ; 6.016 ; 6.016 ;
; b[7]       ; result[7]   ; 5.706 ; 5.706 ; 5.706 ; 5.706 ;
; b[7]       ; zero        ; 6.219 ; 6.219 ; 6.219 ; 6.219 ;
; op[0]      ; result[0]   ; 5.484 ; 5.626 ; 5.626 ; 5.484 ;
; op[0]      ; result[1]   ; 5.644 ; 5.500 ; 5.500 ; 5.644 ;
; op[0]      ; result[2]   ; 5.622 ; 5.306 ; 5.306 ; 5.622 ;
; op[0]      ; result[3]   ; 5.754 ; 5.617 ; 5.617 ; 5.754 ;
; op[0]      ; result[4]   ; 5.793 ; 5.577 ; 5.577 ; 5.793 ;
; op[0]      ; result[5]   ; 5.897 ; 5.431 ; 5.431 ; 5.897 ;
; op[0]      ; result[6]   ; 5.626 ; 5.341 ; 5.341 ; 5.626 ;
; op[0]      ; result[7]   ; 5.330 ; 5.330 ; 5.330 ; 5.330 ;
; op[0]      ; zero        ; 5.875 ; 5.829 ; 5.829 ; 5.875 ;
; op[1]      ; result[0]   ; 5.480 ; 5.190 ; 5.190 ; 5.480 ;
; op[1]      ; result[1]   ; 5.332 ; 5.332 ; 5.332 ; 5.332 ;
; op[1]      ; result[2]   ; 5.354 ; 5.354 ; 5.354 ; 5.354 ;
; op[1]      ; result[3]   ; 5.481 ; 5.481 ; 5.481 ; 5.481 ;
; op[1]      ; result[4]   ; 5.438 ; 5.438 ; 5.438 ; 5.438 ;
; op[1]      ; result[5]   ; 5.342 ; 5.342 ; 5.342 ; 5.342 ;
; op[1]      ; result[6]   ; 5.248 ; 5.248 ; 5.248 ; 5.248 ;
; op[1]      ; result[7]   ; 5.193 ; 5.193 ; 5.193 ; 5.193 ;
; op[1]      ; zero        ; 5.751 ; 5.683 ; 5.683 ; 5.751 ;
; op[2]      ; cout        ; 5.499 ; 5.499 ; 5.499 ; 5.499 ;
; op[2]      ; overflow    ; 5.489 ; 5.489 ; 5.489 ; 5.489 ;
; op[2]      ; result[0]   ; 5.778 ; 5.778 ; 5.778 ; 5.778 ;
; op[2]      ; result[1]   ; 5.884 ; 5.884 ; 5.884 ; 5.884 ;
; op[2]      ; result[2]   ; 6.091 ; 6.091 ; 6.091 ; 6.091 ;
; op[2]      ; result[3]   ; 6.288 ; 6.288 ; 6.288 ; 6.288 ;
; op[2]      ; result[4]   ; 6.266 ; 6.266 ; 6.266 ; 6.266 ;
; op[2]      ; result[5]   ; 6.175 ; 6.175 ; 6.175 ; 6.175 ;
; op[2]      ; result[6]   ; 5.989 ; 5.989 ; 5.989 ; 5.989 ;
; op[2]      ; result[7]   ; 5.492 ; 5.492 ; 5.492 ; 5.492 ;
; op[2]      ; zero        ; 6.050 ; 6.050 ; 6.050 ; 6.050 ;
; op[3]      ; cout        ; 3.341 ; 3.341 ; 3.341 ; 3.341 ;
; op[3]      ; overflow    ; 3.328 ; 3.328 ; 3.328 ; 3.328 ;
; op[3]      ; result[0]   ; 3.493 ; 3.493 ; 3.493 ; 3.493 ;
; op[3]      ; result[1]   ; 3.636 ; 3.636 ; 3.636 ; 3.636 ;
; op[3]      ; result[2]   ; 3.434 ; 3.434 ; 3.434 ; 3.434 ;
; op[3]      ; result[3]   ; 3.755 ; 3.755 ; 3.755 ; 3.755 ;
; op[3]      ; result[4]   ; 3.593 ; 3.593 ; 3.593 ; 3.593 ;
; op[3]      ; result[5]   ; 3.750 ; 3.750 ; 3.750 ; 3.750 ;
; op[3]      ; result[6]   ; 3.623 ; 3.623 ; 3.623 ; 3.623 ;
; op[3]      ; result[7]   ; 3.376 ; 3.376 ; 3.376 ; 3.376 ;
; op[3]      ; zero        ; 3.934 ; 3.934 ; 3.934 ; 3.934 ;
+------------+-------------+-------+-------+-------+-------+


+----------------------------------------------------------------------------+
; Multicorner Timing Analysis Summary                                        ;
+------------------+-------+------+----------+---------+---------------------+
; Clock            ; Setup ; Hold ; Recovery ; Removal ; Minimum Pulse Width ;
+------------------+-------+------+----------+---------+---------------------+
; Worst-case Slack ; N/A   ; N/A  ; N/A      ; N/A     ; N/A                 ;
; Design-wide TNS  ; 0.0   ; 0.0  ; 0.0      ; 0.0     ; 0.0                 ;
+------------------+-------+------+----------+---------+---------------------+


+--------------------------------------------------------------+
; Progagation Delay                                            ;
+------------+-------------+--------+--------+--------+--------+
; Input Port ; Output Port ; RR     ; RF     ; FR     ; FF     ;
+------------+-------------+--------+--------+--------+--------+
; a[0]       ; cout        ; 13.045 ; 13.045 ; 13.045 ; 13.045 ;
; a[0]       ; overflow    ; 13.023 ; 13.023 ; 13.023 ; 13.023 ;
; a[0]       ; result[0]   ; 14.442 ; 14.442 ; 14.442 ; 14.442 ;
; a[0]       ; result[1]   ; 11.926 ; 11.926 ; 11.926 ; 11.926 ;
; a[0]       ; result[2]   ; 12.267 ; 12.267 ; 12.267 ; 12.267 ;
; a[0]       ; result[3]   ; 12.842 ; 12.842 ; 12.842 ; 12.842 ;
; a[0]       ; result[4]   ; 12.857 ; 12.857 ; 12.857 ; 12.857 ;
; a[0]       ; result[5]   ; 12.492 ; 12.492 ; 12.492 ; 12.492 ;
; a[0]       ; result[6]   ; 12.491 ; 12.491 ; 12.491 ; 12.491 ;
; a[0]       ; result[7]   ; 13.307 ; 13.307 ; 13.307 ; 13.307 ;
; a[0]       ; zero        ; 14.813 ; 14.813 ; 14.813 ; 14.813 ;
; a[1]       ; cout        ; 11.892 ; 11.892 ; 11.892 ; 11.892 ;
; a[1]       ; overflow    ; 11.870 ; 11.870 ; 11.870 ; 11.870 ;
; a[1]       ; result[0]   ; 13.289 ; 13.289 ; 13.289 ; 13.289 ;
; a[1]       ; result[1]   ; 11.088 ; 11.088 ; 11.088 ; 11.088 ;
; a[1]       ; result[2]   ; 11.114 ; 11.114 ; 11.114 ; 11.114 ;
; a[1]       ; result[3]   ; 11.689 ; 11.689 ; 11.689 ; 11.689 ;
; a[1]       ; result[4]   ; 11.704 ; 11.704 ; 11.704 ; 11.704 ;
; a[1]       ; result[5]   ; 11.339 ; 11.339 ; 11.339 ; 11.339 ;
; a[1]       ; result[6]   ; 11.338 ; 11.338 ; 11.338 ; 11.338 ;
; a[1]       ; result[7]   ; 12.154 ; 12.154 ; 12.154 ; 12.154 ;
; a[1]       ; zero        ; 13.660 ; 13.660 ; 13.660 ; 13.660 ;
; a[2]       ; cout        ; 13.169 ; 13.169 ; 13.169 ; 13.169 ;
; a[2]       ; overflow    ; 13.147 ; 13.147 ; 13.147 ; 13.147 ;
; a[2]       ; result[0]   ; 14.566 ; 14.566 ; 14.566 ; 14.566 ;
; a[2]       ; result[2]   ; 12.079 ; 12.079 ; 12.079 ; 12.079 ;
; a[2]       ; result[3]   ; 12.966 ; 12.966 ; 12.966 ; 12.966 ;
; a[2]       ; result[4]   ; 12.981 ; 12.981 ; 12.981 ; 12.981 ;
; a[2]       ; result[5]   ; 12.616 ; 12.616 ; 12.616 ; 12.616 ;
; a[2]       ; result[6]   ; 12.615 ; 12.615 ; 12.615 ; 12.615 ;
; a[2]       ; result[7]   ; 13.431 ; 13.431 ; 13.431 ; 13.431 ;
; a[2]       ; zero        ; 14.937 ; 14.937 ; 14.937 ; 14.937 ;
; a[3]       ; cout        ; 12.480 ; 12.480 ; 12.480 ; 12.480 ;
; a[3]       ; overflow    ; 12.458 ; 12.458 ; 12.458 ; 12.458 ;
; a[3]       ; result[0]   ; 13.877 ; 13.877 ; 13.877 ; 13.877 ;
; a[3]       ; result[3]   ; 11.961 ; 11.961 ; 11.961 ; 11.961 ;
; a[3]       ; result[4]   ; 12.292 ; 12.292 ; 12.292 ; 12.292 ;
; a[3]       ; result[5]   ; 11.927 ; 11.927 ; 11.927 ; 11.927 ;
; a[3]       ; result[6]   ; 11.926 ; 11.926 ; 11.926 ; 11.926 ;
; a[3]       ; result[7]   ; 12.742 ; 12.742 ; 12.742 ; 12.742 ;
; a[3]       ; zero        ; 14.248 ; 14.248 ; 14.248 ; 14.248 ;
; a[4]       ; cout        ; 12.109 ; 12.109 ; 12.109 ; 12.109 ;
; a[4]       ; overflow    ; 12.087 ; 12.087 ; 12.087 ; 12.087 ;
; a[4]       ; result[0]   ; 13.506 ; 13.506 ; 13.506 ; 13.506 ;
; a[4]       ; result[4]   ; 11.609 ; 11.609 ; 11.609 ; 11.609 ;
; a[4]       ; result[5]   ; 11.556 ; 11.556 ; 11.556 ; 11.556 ;
; a[4]       ; result[6]   ; 11.555 ; 11.555 ; 11.555 ; 11.555 ;
; a[4]       ; result[7]   ; 12.371 ; 12.371 ; 12.371 ; 12.371 ;
; a[4]       ; zero        ; 13.877 ; 13.877 ; 13.877 ; 13.877 ;
; a[5]       ; cout        ; 11.957 ; 11.957 ; 11.957 ; 11.957 ;
; a[5]       ; overflow    ; 11.935 ; 11.935 ; 11.935 ; 11.935 ;
; a[5]       ; result[0]   ; 13.354 ; 13.354 ; 13.354 ; 13.354 ;
; a[5]       ; result[5]   ; 11.084 ; 11.084 ; 11.084 ; 11.084 ;
; a[5]       ; result[6]   ; 11.403 ; 11.403 ; 11.403 ; 11.403 ;
; a[5]       ; result[7]   ; 12.219 ; 12.219 ; 12.219 ; 12.219 ;
; a[5]       ; zero        ; 13.725 ; 13.725 ; 13.725 ; 13.725 ;
; a[6]       ; cout        ; 12.296 ; 12.296 ; 12.296 ; 12.296 ;
; a[6]       ; overflow    ; 12.274 ; 12.274 ; 12.274 ; 12.274 ;
; a[6]       ; result[0]   ; 13.693 ; 13.693 ; 13.693 ; 13.693 ;
; a[6]       ; result[6]   ; 11.427 ; 11.427 ; 11.427 ; 11.427 ;
; a[6]       ; result[7]   ; 12.558 ; 12.558 ; 12.558 ; 12.558 ;
; a[6]       ; zero        ; 14.064 ; 14.064 ; 14.064 ; 14.064 ;
; a[7]       ; cout        ; 6.465  ; 6.465  ; 6.465  ; 6.465  ;
; a[7]       ; overflow    ; 6.442  ; 6.442  ; 6.442  ; 6.442  ;
; a[7]       ; result[0]   ; 7.862  ; 7.862  ; 7.862  ; 7.862  ;
; a[7]       ; result[7]   ; 7.244  ; 7.244  ; 7.244  ; 7.244  ;
; a[7]       ; zero        ; 8.482  ; 8.482  ; 8.482  ; 8.482  ;
; b[0]       ; cout        ; 13.331 ; 13.331 ; 13.331 ; 13.331 ;
; b[0]       ; overflow    ; 13.309 ; 13.309 ; 13.309 ; 13.309 ;
; b[0]       ; result[0]   ; 14.728 ; 14.728 ; 14.728 ; 14.728 ;
; b[0]       ; result[1]   ; 12.212 ; 12.212 ; 12.212 ; 12.212 ;
; b[0]       ; result[2]   ; 12.553 ; 12.553 ; 12.553 ; 12.553 ;
; b[0]       ; result[3]   ; 13.128 ; 13.128 ; 13.128 ; 13.128 ;
; b[0]       ; result[4]   ; 13.143 ; 13.143 ; 13.143 ; 13.143 ;
; b[0]       ; result[5]   ; 12.778 ; 12.778 ; 12.778 ; 12.778 ;
; b[0]       ; result[6]   ; 12.777 ; 12.777 ; 12.777 ; 12.777 ;
; b[0]       ; result[7]   ; 13.593 ; 13.593 ; 13.593 ; 13.593 ;
; b[0]       ; zero        ; 15.099 ; 15.099 ; 15.099 ; 15.099 ;
; b[1]       ; cout        ; 12.664 ; 12.664 ; 12.664 ; 12.664 ;
; b[1]       ; overflow    ; 12.642 ; 12.642 ; 12.642 ; 12.642 ;
; b[1]       ; result[0]   ; 14.061 ; 14.061 ; 14.061 ; 14.061 ;
; b[1]       ; result[1]   ; 11.544 ; 11.544 ; 11.544 ; 11.544 ;
; b[1]       ; result[2]   ; 11.886 ; 11.886 ; 11.886 ; 11.886 ;
; b[1]       ; result[3]   ; 12.461 ; 12.461 ; 12.461 ; 12.461 ;
; b[1]       ; result[4]   ; 12.476 ; 12.476 ; 12.476 ; 12.476 ;
; b[1]       ; result[5]   ; 12.111 ; 12.111 ; 12.111 ; 12.111 ;
; b[1]       ; result[6]   ; 12.110 ; 12.110 ; 12.110 ; 12.110 ;
; b[1]       ; result[7]   ; 12.926 ; 12.926 ; 12.926 ; 12.926 ;
; b[1]       ; zero        ; 14.432 ; 14.432 ; 14.432 ; 14.432 ;
; b[2]       ; cout        ; 13.095 ; 13.095 ; 13.095 ; 13.095 ;
; b[2]       ; overflow    ; 13.073 ; 13.073 ; 13.073 ; 13.073 ;
; b[2]       ; result[0]   ; 14.492 ; 14.492 ; 14.492 ; 14.492 ;
; b[2]       ; result[2]   ; 12.002 ; 12.002 ; 12.002 ; 12.002 ;
; b[2]       ; result[3]   ; 12.892 ; 12.892 ; 12.892 ; 12.892 ;
; b[2]       ; result[4]   ; 12.907 ; 12.907 ; 12.907 ; 12.907 ;
; b[2]       ; result[5]   ; 12.542 ; 12.542 ; 12.542 ; 12.542 ;
; b[2]       ; result[6]   ; 12.541 ; 12.541 ; 12.541 ; 12.541 ;
; b[2]       ; result[7]   ; 13.357 ; 13.357 ; 13.357 ; 13.357 ;
; b[2]       ; zero        ; 14.863 ; 14.863 ; 14.863 ; 14.863 ;
; b[3]       ; cout        ; 12.809 ; 12.809 ; 12.809 ; 12.809 ;
; b[3]       ; overflow    ; 12.787 ; 12.787 ; 12.787 ; 12.787 ;
; b[3]       ; result[0]   ; 14.206 ; 14.206 ; 14.206 ; 14.206 ;
; b[3]       ; result[3]   ; 12.291 ; 12.291 ; 12.291 ; 12.291 ;
; b[3]       ; result[4]   ; 12.621 ; 12.621 ; 12.621 ; 12.621 ;
; b[3]       ; result[5]   ; 12.256 ; 12.256 ; 12.256 ; 12.256 ;
; b[3]       ; result[6]   ; 12.255 ; 12.255 ; 12.255 ; 12.255 ;
; b[3]       ; result[7]   ; 13.071 ; 13.071 ; 13.071 ; 13.071 ;
; b[3]       ; zero        ; 14.577 ; 14.577 ; 14.577 ; 14.577 ;
; b[4]       ; cout        ; 12.001 ; 12.001 ; 12.001 ; 12.001 ;
; b[4]       ; overflow    ; 11.979 ; 11.979 ; 11.979 ; 11.979 ;
; b[4]       ; result[0]   ; 13.398 ; 13.398 ; 13.398 ; 13.398 ;
; b[4]       ; result[4]   ; 11.498 ; 11.498 ; 11.498 ; 11.498 ;
; b[4]       ; result[5]   ; 11.448 ; 11.448 ; 11.448 ; 11.448 ;
; b[4]       ; result[6]   ; 11.447 ; 11.447 ; 11.447 ; 11.447 ;
; b[4]       ; result[7]   ; 12.263 ; 12.263 ; 12.263 ; 12.263 ;
; b[4]       ; zero        ; 13.769 ; 13.769 ; 13.769 ; 13.769 ;
; b[5]       ; cout        ; 12.694 ; 12.694 ; 12.694 ; 12.694 ;
; b[5]       ; overflow    ; 12.672 ; 12.672 ; 12.672 ; 12.672 ;
; b[5]       ; result[0]   ; 14.091 ; 14.091 ; 14.091 ; 14.091 ;
; b[5]       ; result[5]   ; 12.083 ; 12.083 ; 12.083 ; 12.083 ;
; b[5]       ; result[6]   ; 12.140 ; 12.140 ; 12.140 ; 12.140 ;
; b[5]       ; result[7]   ; 12.956 ; 12.956 ; 12.956 ; 12.956 ;
; b[5]       ; zero        ; 14.462 ; 14.462 ; 14.462 ; 14.462 ;
; b[6]       ; cout        ; 12.258 ; 12.258 ; 12.258 ; 12.258 ;
; b[6]       ; overflow    ; 12.236 ; 12.236 ; 12.236 ; 12.236 ;
; b[6]       ; result[0]   ; 13.655 ; 13.655 ; 13.655 ; 13.655 ;
; b[6]       ; result[6]   ; 11.392 ; 11.392 ; 11.392 ; 11.392 ;
; b[6]       ; result[7]   ; 12.520 ; 12.520 ; 12.520 ; 12.520 ;
; b[6]       ; zero        ; 14.026 ; 14.026 ; 14.026 ; 14.026 ;
; b[7]       ; cout        ; 10.589 ; 10.589 ; 10.589 ; 10.589 ;
; b[7]       ; overflow    ; 10.569 ; 10.569 ; 10.569 ; 10.569 ;
; b[7]       ; result[0]   ; 11.986 ; 11.986 ; 11.986 ; 11.986 ;
; b[7]       ; result[7]   ; 11.137 ; 11.137 ; 11.137 ; 11.137 ;
; b[7]       ; zero        ; 12.375 ; 12.375 ; 12.375 ; 12.375 ;
; op[0]      ; result[0]   ; 10.226 ; 10.200 ; 10.200 ; 10.226 ;
; op[0]      ; result[1]   ; 10.229 ; 9.842  ; 9.842  ; 10.229 ;
; op[0]      ; result[2]   ; 10.170 ; 9.450  ; 9.450  ; 10.170 ;
; op[0]      ; result[3]   ; 10.469 ; 10.090 ; 10.090 ; 10.469 ;
; op[0]      ; result[4]   ; 10.573 ; 10.042 ; 10.042 ; 10.573 ;
; op[0]      ; result[5]   ; 10.765 ; 9.701  ; 9.701  ; 10.765 ;
; op[0]      ; result[6]   ; 10.172 ; 9.503  ; 9.503  ; 10.172 ;
; op[0]      ; result[7]   ; 9.552  ; 9.552  ; 9.552  ; 9.552  ;
; op[0]      ; zero        ; 12.323 ; 12.710 ; 12.710 ; 12.323 ;
; op[1]      ; result[0]   ; 9.942  ; 9.238  ; 9.238  ; 9.942  ;
; op[1]      ; result[1]   ; 9.514  ; 9.514  ; 9.514  ; 9.514  ;
; op[1]      ; result[2]   ; 9.578  ; 9.578  ; 9.578  ; 9.578  ;
; op[1]      ; result[3]   ; 9.810  ; 9.810  ; 9.810  ; 9.810  ;
; op[1]      ; result[4]   ; 9.761  ; 9.761  ; 9.761  ; 9.761  ;
; op[1]      ; result[5]   ; 9.520  ; 9.520  ; 9.520  ; 9.520  ;
; op[1]      ; result[6]   ; 9.315  ; 9.315  ; 9.315  ; 9.315  ;
; op[1]      ; result[7]   ; 10.200 ; 10.200 ; 10.200 ; 10.200 ;
; op[1]      ; zero        ; 11.995 ; 11.995 ; 11.995 ; 11.995 ;
; op[2]      ; cout        ; 12.950 ; 12.950 ; 12.950 ; 12.950 ;
; op[2]      ; overflow    ; 12.928 ; 12.928 ; 12.928 ; 12.928 ;
; op[2]      ; result[0]   ; 14.347 ; 14.347 ; 14.347 ; 14.347 ;
; op[2]      ; result[1]   ; 11.313 ; 11.313 ; 11.313 ; 11.313 ;
; op[2]      ; result[2]   ; 11.857 ; 11.857 ; 11.857 ; 11.857 ;
; op[2]      ; result[3]   ; 12.747 ; 12.747 ; 12.747 ; 12.747 ;
; op[2]      ; result[4]   ; 12.762 ; 12.762 ; 12.762 ; 12.762 ;
; op[2]      ; result[5]   ; 12.397 ; 12.397 ; 12.397 ; 12.397 ;
; op[2]      ; result[6]   ; 12.396 ; 12.396 ; 12.396 ; 12.396 ;
; op[2]      ; result[7]   ; 13.212 ; 13.212 ; 13.212 ; 13.212 ;
; op[2]      ; zero        ; 14.718 ; 14.718 ; 14.718 ; 14.718 ;
; op[3]      ; cout        ; 9.523  ; 9.523  ; 9.523  ; 9.523  ;
; op[3]      ; overflow    ; 9.501  ; 9.501  ; 9.501  ; 9.501  ;
; op[3]      ; result[0]   ; 10.920 ; 10.920 ; 10.920 ; 10.920 ;
; op[3]      ; result[1]   ; 8.404  ; 8.404  ; 8.404  ; 8.404  ;
; op[3]      ; result[2]   ; 8.745  ; 8.745  ; 8.745  ; 8.745  ;
; op[3]      ; result[3]   ; 9.320  ; 9.320  ; 9.320  ; 9.320  ;
; op[3]      ; result[4]   ; 9.335  ; 9.335  ; 9.335  ; 9.335  ;
; op[3]      ; result[5]   ; 8.970  ; 8.970  ; 8.970  ; 8.970  ;
; op[3]      ; result[6]   ; 8.969  ; 8.969  ; 8.969  ; 8.969  ;
; op[3]      ; result[7]   ; 9.785  ; 9.785  ; 9.785  ; 9.785  ;
; op[3]      ; zero        ; 11.291 ; 11.291 ; 11.291 ; 11.291 ;
+------------+-------------+--------+--------+--------+--------+


+----------------------------------------------------------+
; Minimum Progagation Delay                                ;
+------------+-------------+-------+-------+-------+-------+
; Input Port ; Output Port ; RR    ; RF    ; FR    ; FF    ;
+------------+-------------+-------+-------+-------+-------+
; a[0]       ; cout        ; 6.881 ; 6.881 ; 6.881 ; 6.881 ;
; a[0]       ; overflow    ; 6.866 ; 6.866 ; 6.866 ; 6.866 ;
; a[0]       ; result[0]   ; 5.604 ; 5.604 ; 5.604 ; 5.604 ;
; a[0]       ; result[1]   ; 6.374 ; 6.374 ; 6.374 ; 6.374 ;
; a[0]       ; result[2]   ; 6.481 ; 6.481 ; 6.481 ; 6.481 ;
; a[0]       ; result[3]   ; 6.763 ; 6.763 ; 6.763 ; 6.763 ;
; a[0]       ; result[4]   ; 6.754 ; 6.754 ; 6.754 ; 6.754 ;
; a[0]       ; result[5]   ; 6.611 ; 6.611 ; 6.611 ; 6.611 ;
; a[0]       ; result[6]   ; 6.632 ; 6.632 ; 6.632 ; 6.632 ;
; a[0]       ; result[7]   ; 6.966 ; 6.966 ; 6.966 ; 6.966 ;
; a[0]       ; zero        ; 6.098 ; 6.098 ; 6.098 ; 6.098 ;
; a[1]       ; cout        ; 6.390 ; 6.390 ; 6.390 ; 6.390 ;
; a[1]       ; overflow    ; 6.375 ; 6.375 ; 6.375 ; 6.375 ;
; a[1]       ; result[0]   ; 6.954 ; 6.954 ; 6.954 ; 6.954 ;
; a[1]       ; result[1]   ; 5.771 ; 5.771 ; 5.771 ; 5.771 ;
; a[1]       ; result[2]   ; 5.990 ; 5.990 ; 5.990 ; 5.990 ;
; a[1]       ; result[3]   ; 6.272 ; 6.272 ; 6.272 ; 6.272 ;
; a[1]       ; result[4]   ; 6.263 ; 6.263 ; 6.263 ; 6.263 ;
; a[1]       ; result[5]   ; 6.120 ; 6.120 ; 6.120 ; 6.120 ;
; a[1]       ; result[6]   ; 6.141 ; 6.141 ; 6.141 ; 6.141 ;
; a[1]       ; result[7]   ; 6.475 ; 6.475 ; 6.475 ; 6.475 ;
; a[1]       ; zero        ; 6.564 ; 6.564 ; 6.564 ; 6.564 ;
; a[2]       ; cout        ; 6.977 ; 6.977 ; 6.977 ; 6.977 ;
; a[2]       ; overflow    ; 6.962 ; 6.962 ; 6.962 ; 6.962 ;
; a[2]       ; result[0]   ; 7.541 ; 7.541 ; 7.541 ; 7.541 ;
; a[2]       ; result[2]   ; 5.875 ; 5.875 ; 5.875 ; 5.875 ;
; a[2]       ; result[3]   ; 6.859 ; 6.859 ; 6.859 ; 6.859 ;
; a[2]       ; result[4]   ; 6.850 ; 6.850 ; 6.850 ; 6.850 ;
; a[2]       ; result[5]   ; 6.707 ; 6.707 ; 6.707 ; 6.707 ;
; a[2]       ; result[6]   ; 6.728 ; 6.728 ; 6.728 ; 6.728 ;
; a[2]       ; result[7]   ; 7.062 ; 7.062 ; 7.062 ; 7.062 ;
; a[2]       ; zero        ; 6.636 ; 6.636 ; 6.636 ; 6.636 ;
; a[3]       ; cout        ; 6.620 ; 6.620 ; 6.620 ; 6.620 ;
; a[3]       ; overflow    ; 6.605 ; 6.605 ; 6.605 ; 6.605 ;
; a[3]       ; result[0]   ; 7.184 ; 7.184 ; 7.184 ; 7.184 ;
; a[3]       ; result[3]   ; 5.859 ; 5.859 ; 5.859 ; 5.859 ;
; a[3]       ; result[4]   ; 6.493 ; 6.493 ; 6.493 ; 6.493 ;
; a[3]       ; result[5]   ; 6.350 ; 6.350 ; 6.350 ; 6.350 ;
; a[3]       ; result[6]   ; 6.371 ; 6.371 ; 6.371 ; 6.371 ;
; a[3]       ; result[7]   ; 6.705 ; 6.705 ; 6.705 ; 6.705 ;
; a[3]       ; zero        ; 6.253 ; 6.253 ; 6.253 ; 6.253 ;
; a[4]       ; cout        ; 6.440 ; 6.440 ; 6.440 ; 6.440 ;
; a[4]       ; overflow    ; 6.425 ; 6.425 ; 6.425 ; 6.425 ;
; a[4]       ; result[0]   ; 7.004 ; 7.004 ; 7.004 ; 7.004 ;
; a[4]       ; result[4]   ; 5.663 ; 5.663 ; 5.663 ; 5.663 ;
; a[4]       ; result[5]   ; 6.170 ; 6.170 ; 6.170 ; 6.170 ;
; a[4]       ; result[6]   ; 6.191 ; 6.191 ; 6.191 ; 6.191 ;
; a[4]       ; result[7]   ; 6.525 ; 6.525 ; 6.525 ; 6.525 ;
; a[4]       ; zero        ; 6.035 ; 6.035 ; 6.035 ; 6.035 ;
; a[5]       ; cout        ; 6.392 ; 6.392 ; 6.392 ; 6.392 ;
; a[5]       ; overflow    ; 6.377 ; 6.377 ; 6.377 ; 6.377 ;
; a[5]       ; result[0]   ; 6.956 ; 6.956 ; 6.956 ; 6.956 ;
; a[5]       ; result[5]   ; 5.853 ; 5.853 ; 5.853 ; 5.853 ;
; a[5]       ; result[6]   ; 6.143 ; 6.143 ; 6.143 ; 6.143 ;
; a[5]       ; result[7]   ; 6.477 ; 6.477 ; 6.477 ; 6.477 ;
; a[5]       ; zero        ; 6.297 ; 6.297 ; 6.297 ; 6.297 ;
; a[6]       ; cout        ; 6.557 ; 6.557 ; 6.557 ; 6.557 ;
; a[6]       ; overflow    ; 6.542 ; 6.542 ; 6.542 ; 6.542 ;
; a[6]       ; result[0]   ; 7.121 ; 7.121 ; 7.121 ; 7.121 ;
; a[6]       ; result[6]   ; 5.889 ; 5.889 ; 5.889 ; 5.889 ;
; a[6]       ; result[7]   ; 6.642 ; 6.642 ; 6.642 ; 6.642 ;
; a[6]       ; zero        ; 6.453 ; 6.453 ; 6.453 ; 6.453 ;
; a[7]       ; cout        ; 3.304 ; 3.304 ; 3.304 ; 3.304 ;
; a[7]       ; overflow    ; 3.293 ; 3.293 ; 3.293 ; 3.293 ;
; a[7]       ; result[0]   ; 3.634 ; 3.634 ; 3.634 ; 3.634 ;
; a[7]       ; result[7]   ; 3.413 ; 3.413 ; 3.413 ; 3.413 ;
; a[7]       ; zero        ; 3.837 ; 3.837 ; 3.837 ; 3.837 ;
; b[0]       ; cout        ; 7.028 ; 7.028 ; 7.028 ; 7.028 ;
; b[0]       ; overflow    ; 7.013 ; 7.013 ; 7.013 ; 7.013 ;
; b[0]       ; result[0]   ; 6.167 ; 6.167 ; 6.167 ; 6.167 ;
; b[0]       ; result[1]   ; 6.521 ; 6.521 ; 6.521 ; 6.521 ;
; b[0]       ; result[2]   ; 6.628 ; 6.628 ; 6.628 ; 6.628 ;
; b[0]       ; result[3]   ; 6.910 ; 6.910 ; 6.910 ; 6.910 ;
; b[0]       ; result[4]   ; 6.901 ; 6.901 ; 6.901 ; 6.901 ;
; b[0]       ; result[5]   ; 6.758 ; 6.758 ; 6.758 ; 6.758 ;
; b[0]       ; result[6]   ; 6.779 ; 6.779 ; 6.779 ; 6.779 ;
; b[0]       ; result[7]   ; 7.113 ; 7.113 ; 7.113 ; 7.113 ;
; b[0]       ; zero        ; 6.692 ; 6.692 ; 6.692 ; 6.692 ;
; b[1]       ; cout        ; 6.710 ; 6.710 ; 6.710 ; 6.710 ;
; b[1]       ; overflow    ; 6.695 ; 6.695 ; 6.695 ; 6.695 ;
; b[1]       ; result[0]   ; 7.274 ; 7.274 ; 7.274 ; 7.274 ;
; b[1]       ; result[1]   ; 6.001 ; 6.001 ; 6.001 ; 6.001 ;
; b[1]       ; result[2]   ; 6.310 ; 6.310 ; 6.310 ; 6.310 ;
; b[1]       ; result[3]   ; 6.592 ; 6.592 ; 6.592 ; 6.592 ;
; b[1]       ; result[4]   ; 6.583 ; 6.583 ; 6.583 ; 6.583 ;
; b[1]       ; result[5]   ; 6.440 ; 6.440 ; 6.440 ; 6.440 ;
; b[1]       ; result[6]   ; 6.461 ; 6.461 ; 6.461 ; 6.461 ;
; b[1]       ; result[7]   ; 6.795 ; 6.795 ; 6.795 ; 6.795 ;
; b[1]       ; zero        ; 6.884 ; 6.884 ; 6.884 ; 6.884 ;
; b[2]       ; cout        ; 6.895 ; 6.895 ; 6.895 ; 6.895 ;
; b[2]       ; overflow    ; 6.880 ; 6.880 ; 6.880 ; 6.880 ;
; b[2]       ; result[0]   ; 7.459 ; 7.459 ; 7.459 ; 7.459 ;
; b[2]       ; result[2]   ; 6.161 ; 6.161 ; 6.161 ; 6.161 ;
; b[2]       ; result[3]   ; 6.777 ; 6.777 ; 6.777 ; 6.777 ;
; b[2]       ; result[4]   ; 6.768 ; 6.768 ; 6.768 ; 6.768 ;
; b[2]       ; result[5]   ; 6.625 ; 6.625 ; 6.625 ; 6.625 ;
; b[2]       ; result[6]   ; 6.646 ; 6.646 ; 6.646 ; 6.646 ;
; b[2]       ; result[7]   ; 6.980 ; 6.980 ; 6.980 ; 6.980 ;
; b[2]       ; zero        ; 6.922 ; 6.922 ; 6.922 ; 6.922 ;
; b[3]       ; cout        ; 6.777 ; 6.777 ; 6.777 ; 6.777 ;
; b[3]       ; overflow    ; 6.762 ; 6.762 ; 6.762 ; 6.762 ;
; b[3]       ; result[0]   ; 7.341 ; 7.341 ; 7.341 ; 7.341 ;
; b[3]       ; result[3]   ; 6.249 ; 6.249 ; 6.249 ; 6.249 ;
; b[3]       ; result[4]   ; 6.650 ; 6.650 ; 6.650 ; 6.650 ;
; b[3]       ; result[5]   ; 6.507 ; 6.507 ; 6.507 ; 6.507 ;
; b[3]       ; result[6]   ; 6.528 ; 6.528 ; 6.528 ; 6.528 ;
; b[3]       ; result[7]   ; 6.862 ; 6.862 ; 6.862 ; 6.862 ;
; b[3]       ; zero        ; 6.643 ; 6.643 ; 6.643 ; 6.643 ;
; b[4]       ; cout        ; 6.402 ; 6.402 ; 6.402 ; 6.402 ;
; b[4]       ; overflow    ; 6.387 ; 6.387 ; 6.387 ; 6.387 ;
; b[4]       ; result[0]   ; 6.966 ; 6.966 ; 6.966 ; 6.966 ;
; b[4]       ; result[4]   ; 5.988 ; 5.988 ; 5.988 ; 5.988 ;
; b[4]       ; result[5]   ; 6.132 ; 6.132 ; 6.132 ; 6.132 ;
; b[4]       ; result[6]   ; 6.153 ; 6.153 ; 6.153 ; 6.153 ;
; b[4]       ; result[7]   ; 6.487 ; 6.487 ; 6.487 ; 6.487 ;
; b[4]       ; zero        ; 6.360 ; 6.360 ; 6.360 ; 6.360 ;
; b[5]       ; cout        ; 6.703 ; 6.703 ; 6.703 ; 6.703 ;
; b[5]       ; overflow    ; 6.688 ; 6.688 ; 6.688 ; 6.688 ;
; b[5]       ; result[0]   ; 7.267 ; 7.267 ; 7.267 ; 7.267 ;
; b[5]       ; result[5]   ; 6.333 ; 6.333 ; 6.333 ; 6.333 ;
; b[5]       ; result[6]   ; 6.454 ; 6.454 ; 6.454 ; 6.454 ;
; b[5]       ; result[7]   ; 6.788 ; 6.788 ; 6.788 ; 6.788 ;
; b[5]       ; zero        ; 6.777 ; 6.777 ; 6.777 ; 6.777 ;
; b[6]       ; cout        ; 6.497 ; 6.497 ; 6.497 ; 6.497 ;
; b[6]       ; overflow    ; 6.482 ; 6.482 ; 6.482 ; 6.482 ;
; b[6]       ; result[0]   ; 7.061 ; 7.061 ; 7.061 ; 7.061 ;
; b[6]       ; result[6]   ; 6.129 ; 6.129 ; 6.129 ; 6.129 ;
; b[6]       ; result[7]   ; 6.582 ; 6.582 ; 6.582 ; 6.582 ;
; b[6]       ; zero        ; 6.693 ; 6.693 ; 6.693 ; 6.693 ;
; b[7]       ; cout        ; 5.792 ; 5.792 ; 5.792 ; 5.792 ;
; b[7]       ; overflow    ; 5.782 ; 5.782 ; 5.782 ; 5.782 ;
; b[7]       ; result[0]   ; 6.016 ; 6.016 ; 6.016 ; 6.016 ;
; b[7]       ; result[7]   ; 5.706 ; 5.706 ; 5.706 ; 5.706 ;
; b[7]       ; zero        ; 6.219 ; 6.219 ; 6.219 ; 6.219 ;
; op[0]      ; result[0]   ; 5.484 ; 5.626 ; 5.626 ; 5.484 ;
; op[0]      ; result[1]   ; 5.644 ; 5.500 ; 5.500 ; 5.644 ;
; op[0]      ; result[2]   ; 5.622 ; 5.306 ; 5.306 ; 5.622 ;
; op[0]      ; result[3]   ; 5.754 ; 5.617 ; 5.617 ; 5.754 ;
; op[0]      ; result[4]   ; 5.793 ; 5.577 ; 5.577 ; 5.793 ;
; op[0]      ; result[5]   ; 5.897 ; 5.431 ; 5.431 ; 5.897 ;
; op[0]      ; result[6]   ; 5.626 ; 5.341 ; 5.341 ; 5.626 ;
; op[0]      ; result[7]   ; 5.330 ; 5.330 ; 5.330 ; 5.330 ;
; op[0]      ; zero        ; 5.875 ; 5.829 ; 5.829 ; 5.875 ;
; op[1]      ; result[0]   ; 5.480 ; 5.190 ; 5.190 ; 5.480 ;
; op[1]      ; result[1]   ; 5.332 ; 5.332 ; 5.332 ; 5.332 ;
; op[1]      ; result[2]   ; 5.354 ; 5.354 ; 5.354 ; 5.354 ;
; op[1]      ; result[3]   ; 5.481 ; 5.481 ; 5.481 ; 5.481 ;
; op[1]      ; result[4]   ; 5.438 ; 5.438 ; 5.438 ; 5.438 ;
; op[1]      ; result[5]   ; 5.342 ; 5.342 ; 5.342 ; 5.342 ;
; op[1]      ; result[6]   ; 5.248 ; 5.248 ; 5.248 ; 5.248 ;
; op[1]      ; result[7]   ; 5.193 ; 5.193 ; 5.193 ; 5.193 ;
; op[1]      ; zero        ; 5.751 ; 5.683 ; 5.683 ; 5.751 ;
; op[2]      ; cout        ; 5.499 ; 5.499 ; 5.499 ; 5.499 ;
; op[2]      ; overflow    ; 5.489 ; 5.489 ; 5.489 ; 5.489 ;
; op[2]      ; result[0]   ; 5.778 ; 5.778 ; 5.778 ; 5.778 ;
; op[2]      ; result[1]   ; 5.884 ; 5.884 ; 5.884 ; 5.884 ;
; op[2]      ; result[2]   ; 6.091 ; 6.091 ; 6.091 ; 6.091 ;
; op[2]      ; result[3]   ; 6.288 ; 6.288 ; 6.288 ; 6.288 ;
; op[2]      ; result[4]   ; 6.266 ; 6.266 ; 6.266 ; 6.266 ;
; op[2]      ; result[5]   ; 6.175 ; 6.175 ; 6.175 ; 6.175 ;
; op[2]      ; result[6]   ; 5.989 ; 5.989 ; 5.989 ; 5.989 ;
; op[2]      ; result[7]   ; 5.492 ; 5.492 ; 5.492 ; 5.492 ;
; op[2]      ; zero        ; 6.050 ; 6.050 ; 6.050 ; 6.050 ;
; op[3]      ; cout        ; 3.341 ; 3.341 ; 3.341 ; 3.341 ;
; op[3]      ; overflow    ; 3.328 ; 3.328 ; 3.328 ; 3.328 ;
; op[3]      ; result[0]   ; 3.493 ; 3.493 ; 3.493 ; 3.493 ;
; op[3]      ; result[1]   ; 3.636 ; 3.636 ; 3.636 ; 3.636 ;
; op[3]      ; result[2]   ; 3.434 ; 3.434 ; 3.434 ; 3.434 ;
; op[3]      ; result[3]   ; 3.755 ; 3.755 ; 3.755 ; 3.755 ;
; op[3]      ; result[4]   ; 3.593 ; 3.593 ; 3.593 ; 3.593 ;
; op[3]      ; result[5]   ; 3.750 ; 3.750 ; 3.750 ; 3.750 ;
; op[3]      ; result[6]   ; 3.623 ; 3.623 ; 3.623 ; 3.623 ;
; op[3]      ; result[7]   ; 3.376 ; 3.376 ; 3.376 ; 3.376 ;
; op[3]      ; zero        ; 3.934 ; 3.934 ; 3.934 ; 3.934 ;
+------------+-------------+-------+-------+-------+-------+


-------------------
; Clock Transfers ;
-------------------
Nothing to report.


---------------
; Report TCCS ;
---------------
No dedicated SERDES Transmitter circuitry present in device or used in design


---------------
; Report RSKM ;
---------------
No dedicated SERDES Receiver circuitry present in device or used in design


+------------------------------------------------+
; Unconstrained Paths                            ;
+---------------------------------+-------+------+
; Property                        ; Setup ; Hold ;
+---------------------------------+-------+------+
; Illegal Clocks                  ; 0     ; 0    ;
; Unconstrained Clocks            ; 0     ; 0    ;
; Unconstrained Input Ports       ; 20    ; 20   ;
; Unconstrained Input Port Paths  ; 174   ; 174  ;
; Unconstrained Output Ports      ; 11    ; 11   ;
; Unconstrained Output Port Paths ; 174   ; 174  ;
+---------------------------------+-------+------+


+------------------------------------+
; TimeQuest Timing Analyzer Messages ;
+------------------------------------+
Info: *******************************************************************
Info: Running Quartus II 64-Bit TimeQuest Timing Analyzer
    Info: Version 13.0.1 Build 232 06/12/2013 Service Pack 1 SJ Full Version
    Info: Processing started: Thu Dec 11 23:54:14 2014
Info: Command: quartus_sta ULA-origins -c ULA-origins
Info: qsta_default_script.tcl version: #1
Info (20030): Parallel compilation is enabled and will use 2 of the 2 processors detected
Info (21077): Low junction temperature is 0 degrees C
Info (21077): High junction temperature is 85 degrees C
Critical Warning (332012): Synopsys Design Constraints File file not found: 'ULA-origins.sdc'. A Synopsys Design Constraints File is required by the TimeQuest Timing Analyzer to get proper timing constraints. Without it, the Compiler will not properly optimize the design.
Info (332142): No user constrained base clocks found in the design. Calling "derive_clocks -period 1.0"
Info (332096): The command derive_clocks did not find any clocks to derive.  No clocks were created or changed.
Warning (332068): No clocks defined in design.
Info: Found TIMEQUEST_REPORT_SCRIPT_INCLUDE_DEFAULT_ANALYSIS = ON
Info (332159): No clocks to report
Info: Analyzing Slow Model
Info (332140): No fmax paths to report
Info (332140): No Setup paths to report
Info (332140): No Hold paths to report
Info (332140): No Recovery paths to report
Info (332140): No Removal paths to report
Info (332140): No Minimum Pulse Width paths to report
Info (332001): The selected device family is not supported by the report_metastability command.
Info: Analyzing Fast Model
Info (332142): No user constrained base clocks found in the design. Calling "derive_clocks -period 1.0"
Info (332096): The command derive_clocks did not find any clocks to derive.  No clocks were created or changed.
Warning (332068): No clocks defined in design.
Info (332140): No Setup paths to report
Info (332140): No Hold paths to report
Info (332140): No Recovery paths to report
Info (332140): No Removal paths to report
Info (332140): No Minimum Pulse Width paths to report
Info (332001): The selected device family is not supported by the report_metastability command.
Info (332102): Design is not fully constrained for setup requirements
Info (332102): Design is not fully constrained for hold requirements
Info: Quartus II 64-Bit TimeQuest Timing Analyzer was successful. 0 errors, 3 warnings
    Info: Peak virtual memory: 398 megabytes
    Info: Processing ended: Thu Dec 11 23:54:16 2014
    Info: Elapsed time: 00:00:02
    Info: Total CPU time (on all processors): 00:00:02


